[    0.000000] Initializing cgroup subsys cpuset
[    0.000000] Initializing cgroup subsys cpu
[    0.000000] Initializing cgroup subsys cpuacct
[    0.000000] Linux version 4.4.0-210-generic (buildd@lgw01-amd64-009) (gcc version 5.4.0 20160609 (Ubuntu 5.4.0-6ubuntu1~16.04.12) ) #242-Ubuntu SMP Fri Apr 16 09:57:56 UTC 2021 (Ubuntu 4.4.0-210.242-generic 4.4.262)
[    0.000000] Command line: BOOT_IMAGE=/boot/vmlinuz-4.4.0-210-generic root=LABEL=cloudimg-rootfs ro console=tty1 console=ttyS0
[    0.000000] KERNEL supported cpus:
[    0.000000]   Intel GenuineIntel
[    0.000000]   AMD AuthenticAMD
[    0.000000]   Centaur CentaurHauls
[    0.000000] x86/fpu: Legacy x87 FPU detected.
[    0.000000] e820: BIOS-provided physical RAM map:
[    0.000000] BIOS-e820: [mem 0x0000000000000000-0x000000000009fbff] usable
[    0.000000] BIOS-e820: [mem 0x000000000009fc00-0x000000000009ffff] reserved
[    0.000000] BIOS-e820: [mem 0x00000000000f0000-0x00000000000fffff] reserved
[    0.000000] BIOS-e820: [mem 0x0000000000100000-0x00000000dffeffff] usable
[    0.000000] BIOS-e820: [mem 0x00000000dfff0000-0x00000000dfffffff] ACPI data
[    0.000000] BIOS-e820: [mem 0x00000000fec00000-0x00000000fec00fff] reserved
[    0.000000] BIOS-e820: [mem 0x00000000fee00000-0x00000000fee00fff] reserved
[    0.000000] BIOS-e820: [mem 0x00000000fffc0000-0x00000000ffffffff] reserved
[    0.000000] BIOS-e820: [mem 0x0000000100000000-0x000000011fffffff] usable
[    0.000000] NX (Execute Disable) protection: active
[    0.000000] SMBIOS 2.5 present.
[    0.000000] Hypervisor detected: KVM
[    0.000000] e820: last_pfn = 0x120000 max_arch_pfn = 0x400000000
[    0.000000] MTRR: Disabled
[    0.000000] x86/PAT: MTRRs disabled, skipping PAT initialization too.
[    0.000000] CPU MTRRs all blank - virtualized system.
[    0.000000] x86/PAT: Configuration [0-7]: WB  WT  UC- UC  WB  WT  UC- UC  
[    0.000000] e820: last_pfn = 0xdfff0 max_arch_pfn = 0x400000000
[    0.000000] found SMP MP-table at [mem 0x0009fff0-0x0009ffff] mapped at [ffff88000009fff0]
[    0.000000] Scanning 1 areas for low memory corruption
[    0.000000] RAMDISK: [mem 0x362dc000-0x37165fff]
[    0.000000] ACPI: Early table checksum verification disabled
[    0.000000] ACPI: RSDP 0x00000000000E0000 000024 (v02 VBOX  )
[    0.000000] ACPI: XSDT 0x00000000DFFF0030 00003C (v01 VBOX   VBOXXSDT 00000001 ASL  00000061)
[    0.000000] ACPI: FACP 0x00000000DFFF00F0 0000F4 (v04 VBOX   VBOXFACP 00000001 ASL  00000061)
[    0.000000] ACPI: DSDT 0x00000000DFFF0470 002325 (v02 VBOX   VBOXBIOS 00000002 INTL 20100528)
[    0.000000] ACPI: FACS 0x00000000DFFF0200 000040
[    0.000000] ACPI: FACS 0x00000000DFFF0200 000040
[    0.000000] ACPI: APIC 0x00000000DFFF0240 00005C (v02 VBOX   VBOXAPIC 00000001 ASL  00000061)
[    0.000000] ACPI: SSDT 0x00000000DFFF02A0 0001CC (v01 VBOX   VBOXCPUT 00000002 INTL 20100528)
[    0.000000] No NUMA configuration found
[    0.000000] Faking a node at [mem 0x0000000000000000-0x000000011fffffff]
[    0.000000] NODE_DATA(0) allocated [mem 0x11fff7000-0x11fffbfff]
[    0.000000] kvm-clock: Using msrs 4b564d01 and 4b564d00
[    0.000000] kvm-clock: cpu 0, msr 1:1ffef001, primary cpu clock
[    0.000000] kvm-clock: using sched offset of 4820051900 cycles
[    0.000000] clocksource: kvm-clock: mask: 0xffffffffffffffff max_cycles: 0x1cd42e4dffb, max_idle_ns: 881590591483 ns
[    0.000000] Zone ranges:
[    0.000000]   DMA      [mem 0x0000000000001000-0x0000000000ffffff]
[    0.000000]   DMA32    [mem 0x0000000001000000-0x00000000ffffffff]
[    0.000000]   Normal   [mem 0x0000000100000000-0x000000011fffffff]
[    0.000000]   Device   empty
[    0.000000] Movable zone start for each node
[    0.000000] Early memory node ranges
[    0.000000]   node   0: [mem 0x0000000000001000-0x000000000009efff]
[    0.000000]   node   0: [mem 0x0000000000100000-0x00000000dffeffff]
[    0.000000]   node   0: [mem 0x0000000100000000-0x000000011fffffff]
[    0.000000] Initmem setup node 0 [mem 0x0000000000001000-0x000000011fffffff]
[    0.000000] ACPI: PM-Timer IO Port: 0x4008
[    0.000000] IOAPIC[0]: apic_id 2, version 32, address 0xfec00000, GSI 0-23
[    0.000000] ACPI: INT_SRC_OVR (bus 0 bus_irq 0 global_irq 2 dfl dfl)
[    0.000000] ACPI: INT_SRC_OVR (bus 0 bus_irq 9 global_irq 9 low level)
[    0.000000] Using ACPI (MADT) for SMP configuration information
[    0.000000] smpboot: Allowing 2 CPUs, 0 hotplug CPUs
[    0.000000] PM: Registered nosave memory: [mem 0x00000000-0x00000fff]
[    0.000000] PM: Registered nosave memory: [mem 0x0009f000-0x0009ffff]
[    0.000000] PM: Registered nosave memory: [mem 0x000a0000-0x000effff]
[    0.000000] PM: Registered nosave memory: [mem 0x000f0000-0x000fffff]
[    0.000000] PM: Registered nosave memory: [mem 0xdfff0000-0xdfffffff]
[    0.000000] PM: Registered nosave memory: [mem 0xe0000000-0xfebfffff]
[    0.000000] PM: Registered nosave memory: [mem 0xfec00000-0xfec00fff]
[    0.000000] PM: Registered nosave memory: [mem 0xfec01000-0xfedfffff]
[    0.000000] PM: Registered nosave memory: [mem 0xfee00000-0xfee00fff]
[    0.000000] PM: Registered nosave memory: [mem 0xfee01000-0xfffbffff]
[    0.000000] PM: Registered nosave memory: [mem 0xfffc0000-0xffffffff]
[    0.000000] e820: [mem 0xe0000000-0xfebfffff] available for PCI devices
[    0.000000] Booting paravirtualized kernel on KVM
[    0.000000] clocksource: refined-jiffies: mask: 0xffffffff max_cycles: 0xffffffff, max_idle_ns: 7645519600211568 ns
[    0.000000] setup_percpu: NR_CPUS:512 nr_cpumask_bits:512 nr_cpu_ids:2 nr_node_ids:1
[    0.000000] PERCPU: Embedded 33 pages/cpu @ffff88011fc00000 s95192 r8192 d31784 u1048576
[    0.000000] Built 1 zonelists in Node order, mobility grouping on.  Total pages: 1032056
[    0.000000] Policy zone: Normal
[    0.000000] Kernel command line: BOOT_IMAGE=/boot/vmlinuz-4.4.0-210-generic root=LABEL=cloudimg-rootfs ro console=tty1 console=ttyS0
[    0.000000] PID hash table entries: 4096 (order: 3, 32768 bytes)
[    0.000000] Memory: 4028304K/4193848K available (8644K kernel code, 1332K rwdata, 4044K rodata, 1492K init, 1164K bss, 165544K reserved, 0K cma-reserved)
[    0.000000] SLUB: HWalign=64, Order=0-3, MinObjects=0, CPUs=2, Nodes=1
[    0.000000] Kernel/User page tables isolation: enabled
[    0.000000] Hierarchical RCU implementation.
[    0.000000] 	Build-time adjustment of leaf fanout to 64.
[    0.000000] 	RCU restricting CPUs from NR_CPUS=512 to nr_cpu_ids=2.
[    0.000000] RCU: Adjusting geometry for rcu_fanout_leaf=64, nr_cpu_ids=2
[    0.000000] NR_IRQS:33024 nr_irqs:440 16
[    0.000000] Console: colour VGA+ 80x25
[    0.000000] console [tty1] enabled
[    0.000000] console [ttyS0] enabled
[    0.000000] tsc: Detected 2111.998 MHz processor
[    2.349734] Calibrating delay loop (skipped) preset value.. 4223.99 BogoMIPS (lpj=8447992)
[    2.359734] pid_max: default: 32768 minimum: 301
[    2.364997] ACPI: Core revision 20150930
[    2.371322] ACPI: 2 ACPI AML tables successfully acquired and loaded
[    2.384326] Security Framework initialized
[    2.390186] Yama: becoming mindful.
[    2.396211] AppArmor: AppArmor initialized
[    2.403130] Dentry cache hash table entries: 524288 (order: 10, 4194304 bytes)
[    2.446795] Inode-cache hash table entries: 262144 (order: 9, 2097152 bytes)
[    2.473859] Mount-cache hash table entries: 8192 (order: 4, 65536 bytes)
[    2.484757] Mountpoint-cache hash table entries: 8192 (order: 4, 65536 bytes)
[    2.498554] Initializing cgroup subsys io
[    2.506295] Initializing cgroup subsys memory
[    2.515991] Initializing cgroup subsys devices
[    2.526751] Initializing cgroup subsys freezer
[    2.539547] Initializing cgroup subsys net_cls
[    2.546900] Initializing cgroup subsys perf_event
[    2.557247] Initializing cgroup subsys net_prio
[    2.568021] Initializing cgroup subsys hugetlb
[    2.576977] Initializing cgroup subsys pids
[    2.587709] mce: CPU supports 0 MCE banks
[    2.596596] Last level iTLB entries: 4KB 64, 2MB 8, 4MB 8
[    2.608295] Last level dTLB entries: 4KB 64, 2MB 0, 4MB 0, 1GB 4
[    2.621265] Spectre V1 : Mitigation: usercopy/swapgs barriers and __user pointer sanitization
[    2.634930] Spectre V2 : Mitigation: Full generic retpoline
[    2.645373] Spectre V2 : Spectre v2 / SpectreRSB mitigation: Filling RSB on context switch
[    2.660473] Speculative Store Bypass: Vulnerable
[    2.668611] MDS: Mitigation: Clear CPU buffers
[    2.734747] Freeing SMP alternatives memory: 36K
[    2.863560] ftrace: allocating 32380 entries in 127 pages
[    3.678659] smpboot: APIC(0) Converting physical 0 to logical package 0
[    3.692852] smpboot: Max logical packages: 1
[    3.721323] ..TIMER: vector=0x30 apic1=0 pin1=2 apic2=-1 pin2=-1
[    3.840295] smpboot: CPU0: Intel(R) Core(TM) i7-8650U CPU @ 1.90GHz (family: 0x6, model: 0x8e, stepping: 0xa)
[    3.858088] Performance Events: unsupported p6 CPU model 142 no PMU driver, software events only.
[    4.001136] KVM setup paravirtual spinlock
[    4.015759] x86: Booting SMP configuration:
[    4.022606] .... node  #0, CPUs:      #1
[    4.032241] kvm-clock: cpu 1, msr 1:1ffef041, secondary cpu clock
[    4.040208] mce: CPU supports 0 MCE banks
[    4.045784] x86: Booted up 1 node, 2 CPUs
[    4.052594] smpboot: Total of 2 processors activated (8447.99 BogoMIPS)
[    4.067067] devtmpfs: initialized
[    4.076350] evm: security.selinux
[    4.081874] evm: security.SMACK64
[    4.087426] evm: security.SMACK64EXEC
[    4.094129] evm: security.SMACK64TRANSMUTE
[    4.101267] evm: security.SMACK64MMAP
[    4.107383] evm: security.ima
[    4.112442] evm: security.capability
[    4.119226] clocksource: jiffies: mask: 0xffffffff max_cycles: 0xffffffff, max_idle_ns: 7645041785100000 ns
[    4.132643] futex hash table entries: 512 (order: 3, 32768 bytes)
[    4.142720] pinctrl core: initialized pinctrl subsystem
[    4.151302] RTC time:  9:42:59, date: 04/26/22
[    4.159612] NET: Registered protocol family 16
[    4.177931] cpuidle: using governor ladder
[    4.195587] cpuidle: using governor menu
[    4.201712] PCCT header not found.
[    4.208024] ACPI: bus type PCI registered
[    4.214314] acpiphp: ACPI Hot Plug PCI Controller Driver version: 0.5
[    4.224713] PCI: Using configuration type 1 for base access
[    4.254561] ACPI: Added _OSI(Module Device)
[    4.261158] ACPI: Added _OSI(Processor Device)
[    4.268075] ACPI: Added _OSI(3.0 _SCP Extensions)
[    4.276295] ACPI: Added _OSI(Processor Aggregator Device)
[    4.285904] ACPI: Executed 1 blocks of module-level executable AML code
[    4.303676] ACPI: Interpreter enabled
[    4.310002] ACPI: (supports S0 S5)
[    4.315505] ACPI: Using IOAPIC for interrupt routing
[    4.323444] PCI: Using host bridge windows from ACPI; if necessary, use "pci=nocrs" and report a bug
[    4.346037] ACPI: PCI Root Bridge [PCI0] (domain 0000 [bus 00-ff])
[    4.355232] acpi PNP0A03:00: _OSC: OS supports [ASPM ClockPM Segments MSI]
[    4.365352] acpi PNP0A03:00: _OSC: not requesting OS control; OS requires [ExtendedConfig ASPM ClockPM MSI]
[    4.378473] acpi PNP0A03:00: fail to add MMCONFIG information, can't access extended PCI configuration space under this bridge.
[    4.396379] PCI host bridge to bus 0000:00
[    4.402809] pci_bus 0000:00: root bus resource [io  0x0000-0x0cf7 window]
[    4.412718] pci_bus 0000:00: root bus resource [io  0x0d00-0xffff window]
[    4.422285] pci_bus 0000:00: root bus resource [mem 0x000a0000-0x000bffff window]
[    4.432967] pci_bus 0000:00: root bus resource [mem 0xe0000000-0xfdffffff window]
[    4.443882] pci_bus 0000:00: root bus resource [bus 00-ff]
[    4.461308] pci 0000:00:01.1: legacy IDE quirk: reg 0x10: [io  0x01f0-0x01f7]
[    4.496928] pci 0000:00:01.1: legacy IDE quirk: reg 0x14: [io  0x03f6]
[    4.506201] pci 0000:00:01.1: legacy IDE quirk: reg 0x18: [io  0x0170-0x0177]
[    4.516074] pci 0000:00:01.1: legacy IDE quirk: reg 0x1c: [io  0x0376]
[    4.777602] pci 0000:00:07.0: quirk: [io  0x4000-0x403f] claimed by PIIX4 ACPI
[    4.794784] pci 0000:00:07.0: quirk: [io  0x4100-0x410f] claimed by PIIX4 SMB
[    4.820616] ACPI: PCI Interrupt Link [LNKA] (IRQs 5 9 10 *11)
[    4.839866] ACPI: PCI Interrupt Link [LNKB] (IRQs 5 9 *10 11)
[    4.858729] ACPI: PCI Interrupt Link [LNKC] (IRQs 5 *9 10 11)
[    4.876527] ACPI: PCI Interrupt Link [LNKD] (IRQs 5 9 10 *11)
[    4.892743] ACPI: Enabled 2 GPEs in block 00 to 07
[    4.902955] vgaarb: setting as boot device: PCI:0000:00:02.0
[    4.911842] vgaarb: device added: PCI:0000:00:02.0,decodes=io+mem,owns=io+mem,locks=none
[    4.924943] vgaarb: loaded
[    4.930398] vgaarb: bridge control possible 0000:00:02.0
[    4.939084] SCSI subsystem initialized
[    4.946977] ACPI: bus type USB registered
[    4.953421] usbcore: registered new interface driver usbfs
[    4.961952] usbcore: registered new interface driver hub
[    4.970218] usbcore: registered new device driver usb
[    4.979986] PCI: Using ACPI for IRQ routing
[    4.987919] NetLabel: Initializing
[    4.993610] NetLabel:  domain hash size = 128
[    5.000171] NetLabel:  protocols = UNLABELED CIPSOv4
[    5.008007] NetLabel:  unlabeled traffic allowed by default
[    5.017110] amd_nb: Cannot enumerate AMD northbridges
[    5.026208] clocksource: Switched to clocksource kvm-clock
[    5.089828] AppArmor: AppArmor Filesystem Enabled
[    5.097710] pnp: PnP ACPI init
[    5.105399] pnp: PnP ACPI: found 3 devices
[    5.121910] clocksource: acpi_pm: mask: 0xffffff max_cycles: 0xffffff, max_idle_ns: 2085701024 ns
[    5.134445] NET: Registered protocol family 2
[    5.143455] TCP established hash table entries: 32768 (order: 6, 262144 bytes)
[    5.155567] TCP bind hash table entries: 32768 (order: 7, 524288 bytes)
[    5.171833] TCP: Hash tables configured (established 32768 bind 32768)
[    5.181768] UDP hash table entries: 2048 (order: 4, 65536 bytes)
[    5.191142] UDP-Lite hash table entries: 2048 (order: 4, 65536 bytes)
[    5.200675] NET: Registered protocol family 1
[    5.207773] pci 0000:00:00.0: Limiting direct PCI/PCI transfers
[    5.216059] pci 0000:00:01.0: Activating ISA DMA hang workarounds
[    5.225590] Unpacking initramfs...
[    5.837918] Freeing initrd memory: 14888K
[    5.844437] PCI-DMA: Using software bounce buffering for IO (SWIOTLB)
[    5.853474] software IO TLB: mapped [mem 0xdbff0000-0xdfff0000] (64MB)
[    5.862570] clocksource: tsc: mask: 0xffffffffffffffff max_cycles: 0x1e71768ef8b, max_idle_ns: 440795218977 ns
[    5.875522] platform rtc_cmos: registered platform RTC device (no PNP device found)
[    5.886065] Scanning for low memory corruption every 60 seconds
[    5.896522] audit: initializing netlink subsys (disabled)
[    5.904837] audit: type=2000 audit(1650966187.639:1): initialized
[    5.913691] Initialise system trusted keyring
[    5.921516] HugeTLB registered 2 MB page size, pre-allocated 0 pages
[    5.934147] zbud: loaded
[    5.940458] VFS: Disk quotas dquot_6.6.0
[    5.948027] VFS: Dquot-cache hash table entries: 512 (order 0, 4096 bytes)
[    5.959352] squashfs: version 4.0 (2009/01/31) Phillip Lougher
[    5.969161] fuse init (API version 7.23)
[    5.977459] Key type big_key registered
[    5.984407] Allocating IMA MOK and blacklist keyrings.
[    6.010986] Key type asymmetric registered
[    6.018020] Asymmetric key parser 'x509' registered
[    6.026486] Block layer SCSI generic (bsg) driver version 0.4 loaded (major 249)
[    6.037570] io scheduler noop registered
[    6.044072] io scheduler deadline registered (default)
[    6.052194] io scheduler cfq registered
[    6.059139] pci_hotplug: PCI Hot Plug PCI Core version: 0.5
[    6.067056] pciehp: PCI Express Hot Plug Controller Driver version: 0.4
[    6.076660] ACPI: AC Adapter [AC] (on-line)
[    6.083208] input: Power Button as /devices/LNXSYSTM:00/LNXPWRBN:00/input/input0
[    6.094513] ACPI: Power Button [PWRF]
[    6.100443] input: Sleep Button as /devices/LNXSYSTM:00/LNXSLPBN:00/input/input1
[    6.111757] ACPI: Sleep Button [SLPF]
[    6.119512] GHES: HEST is not enabled!
[    6.121638] ACPI: Battery Slot [BAT0] (battery present)
[    6.134773] Serial: 8250/16550 driver, 32 ports, IRQ sharing enabled
[    6.178581] 00:02: ttyS0 at I/O 0x3f8 (irq = 4, base_baud = 115200) is a 16550A
[    6.193886] Linux agpgart interface v0.103
[    6.215902] loop: module loaded
[    6.225965] scsi host0: ata_piix
[    6.233028] scsi host1: ata_piix
[    6.238915] ata1: PATA max UDMA/33 cmd 0x1f0 ctl 0x3f6 bmdma 0xd000 irq 14
[    6.248105] ata2: PATA max UDMA/33 cmd 0x170 ctl 0x376 bmdma 0xd008 irq 15
[    6.261949] libphy: Fixed MDIO Bus: probed
[    6.268381] tun: Universal TUN/TAP device driver, 1.6
[    6.276235] tun: (C) 1999-2004 Max Krasnyansky <maxk@qualcomm.com>
[    6.285534] PPP generic driver version 2.4.2
[    6.293608] ehci_hcd: USB 2.0 'Enhanced' Host Controller (EHCI) Driver
[    6.303184] ehci-pci: EHCI PCI platform driver
[    6.310595] ehci-platform: EHCI generic platform driver
[    6.318158] ohci_hcd: USB 1.1 'Open' Host Controller (OHCI) Driver
[    6.327242] ohci-pci: OHCI PCI platform driver
[    6.333518] ohci-platform: OHCI generic platform driver
[    6.341404] uhci_hcd: USB Universal Host Controller Interface driver
[    6.351415] i8042: PNP: PS/2 Controller [PNP0303:PS2K,PNP0f03:PS2M] at 0x60,0x64 irq 1,12
[    6.367525] serio: i8042 KBD port at 0x60,0x64 irq 1
[    6.375702] serio: i8042 AUX port at 0x60,0x64 irq 12
[    6.384072] mousedev: PS/2 mouse device common for all mice
[    6.395165] input: AT Translated Set 2 keyboard as /devices/platform/i8042/serio0/input/input2
[    6.396747] rtc_cmos rtc_cmos: rtc core: registered rtc_cmos as rtc0
[    6.397494] rtc_cmos rtc_cmos: alarms up to one day, 114 bytes nvram
[    6.397505] i2c /dev entries driver
[    6.397563] device-mapper: uevent: version 1.0.3
[    6.397625] device-mapper: ioctl: 4.34.0-ioctl (2015-10-28) initialised: dm-devel@redhat.com
[    6.397649] ledtrig-cpu: registered to indicate activity on CPUs
[    6.402495] NET: Registered protocol family 10
[    6.403052] NET: Registered protocol family 17
[    6.403062] Key type dns_resolver registered
[    6.403649] registered taskstats version 1
[    6.403666] Loading compiled-in X.509 certificates
[    6.404462] Loaded X.509 cert 'Build time autogenerated kernel key: cf00e047681d67edb2720680708b7d9498083038'
[    6.404491] zswap: loaded using pool lzo/zbud
[    6.409133] Key type trusted registered
[    6.413936] Key type encrypted registered
[    6.413943] AppArmor: AppArmor sha1 policy hashing enabled
[    6.413945] ima: No TPM chip found, activating TPM-bypass!
[    6.413949] ima: Allocated hash algorithm: sha1
[    6.413994] evm: HMAC attrs: 0x1
[    6.415037]   Magic number: 2:579:728
[    6.421473] rtc_cmos rtc_cmos: setting system clock to 2022-04-26 09:43:02 UTC (1650966182)
[    6.421782] BIOS EDD facility v0.16 2004-Jun-25, 0 devices found
[    6.421782] EDD information not available.
[    6.600586] Freeing unused kernel memory: 1492K
[    6.631074] Write protecting the kernel read-only data: 14336k
[    6.642182] Freeing unused kernel memory: 1584K
[    6.650767] Freeing unused kernel memory: 52K
Loading, please wait...
starting version 229
[    6.699800] random: systemd-udevd: uninitialized urandom read (16 bytes read, 6 bits of entropy available)
[    6.700941] random: udevadm: uninitialized urandom read (16 bytes read, 6 bits of entropy available)
[    6.700963] random: udevadm: uninitialized urandom read (16 bytes read, 6 bits of entropy available)
[    6.723907] random: udevadm: uninitialized urandom read (16 bytes read, 6 bits of entropy available)
[    6.723957] random: udevadm: uninitialized urandom read (16 bytes read, 6 bits of entropy available)
[    6.724156] random: udevadm: uninitialized urandom read (16 bytes read, 6 bits of entropy available)
[    6.724308] random: udevadm: uninitialized urandom read (16 bytes read, 6 bits of entropy available)
[    6.724371] random: udevadm: uninitialized urandom read (16 bytes read, 6 bits of entropy available)
[    6.724426] random: udevadm: uninitialized urandom read (16 bytes read, 6 bits of entropy available)
[    6.724584] random: udevadm: uninitialized urandom read (16 bytes read, 6 bits of entropy available)
[    6.901837] e1000: Intel(R) PRO/1000 Network Driver - version 7.3.21-k8-NAPI
[    6.912965] e1000: Copyright (c) 1999-2006 Intel Corporation.
[    6.925768] Fusion MPT base driver 3.04.20
[    6.931889] Copyright (c) 1999-2008 LSI Corporation
[    6.977685] Fusion MPT SPI Host driver 3.04.20
[    7.512619] input: ImExPS/2 Generic Explorer Mouse as /devices/platform/i8042/serio1/input/input4
[    7.776735] e1000 0000:00:03.0 eth0: (PCI:33MHz:32-bit) 02:be:82:6b:cc:1d
[    7.786921] e1000 0000:00:03.0 eth0: Intel(R) PRO/1000 Network Connection
[    7.799859] mptbase: ioc0: Initiating bringup
[    7.808966] e1000 0000:00:03.0 enp0s3: renamed from eth0
[    7.884044] ioc0: LSI53C1030 A0: Capabilities={Initiator}
[    8.123942] scsi host2: ioc0: LSI53C1030 A0, FwRev=00000000h, Ports=1, MaxQ=256, IRQ=20
[    8.301017] scsi 2:0:0:0: Direct-Access     VBOX     HARDDISK         1.0  PQ: 0 ANSI: 5
[    8.312400] scsi target2:0:0: Beginning Domain Validation
[    8.328475] scsi target2:0:0: Domain Validation skipping write tests
[    8.336071] scsi target2:0:0: Ending Domain Validation
[    8.342563] scsi target2:0:0: asynchronous
[    8.350322] scsi 2:0:1:0: Direct-Access     VBOX     HARDDISK         1.0  PQ: 0 ANSI: 5
[    8.380902] scsi target2:0:1: Beginning Domain Validation
[    8.396237] scsi target2:0:1: Domain Validation skipping write tests
[    8.403652] scsi target2:0:1: Ending Domain Validation
[    8.413032] scsi target2:0:1: asynchronous
[    8.455047] sd 2:0:0:0: Attached scsi generic sg0 type 0
[    8.462705] sd 2:0:0:0: [sda] 83886080 512-byte logical blocks: (42.9 GB/40.0 GiB)
[    8.463046] sd 2:0:1:0: Attached scsi generic sg1 type 0
[    8.463758] sd 2:0:1:0: [sdb] 20480 512-byte logical blocks: (10.5 MB/10.0 MiB)
[    8.464725] sd 2:0:1:0: [sdb] Write Protect is off
[    8.465349] sd 2:0:1:0: [sdb] Incomplete mode parameter data
[    8.465351] sd 2:0:1:0: [sdb] Assuming drive cache: write through
[    8.476979] sd 2:0:1:0: [sdb] Attached SCSI disk
[    8.521784] sd 2:0:0:0: [sda] Write Protect is off
[    8.529707] sd 2:0:0:0: [sda] Incomplete mode parameter data
[    8.537535] sd 2:0:0:0: [sda] Assuming drive cache: write through
[    8.553806]  sda: sda1
[    8.563249] sd 2:0:0:0: [sda] Attached SCSI disk
Begin: Loading essential drivers ... [   10.363374] md: linear personality registered for level -1
[   10.376858] md: multipath personality registered for level -4
[   10.389563] md: raid0 personality registered for level 0
[   10.414985] md: raid1 personality registered for level 1
[   10.494244] raid6: sse2x1   gen()  8983 MB/s
[   10.570376] raid6: sse2x1   xor()  6448 MB/s
[   10.642727] raid6: sse2x2   gen() 10441 MB/s
[   10.714487] raid6: sse2x2   xor()  7895 MB/s
[   10.786321] raid6: sse2x4   gen() 11918 MB/s
[   10.858522] raid6: sse2x4   xor()  8808 MB/s
[   10.864786] raid6: using algorithm sse2x4 gen() 11918 MB/s
[   10.872511] raid6: .... xor() 8808 MB/s, rmw enabled
[   10.879213] raid6: using ssse3x2 recovery algorithm
[   10.890318] xor: measuring software checksum speed
[   12.267053]    prefetch64-sse: -923953.-296 MB/sec
[   16.318013]    generic_sse: -1145263.-296 MB/sec
[   16.324568] xor: using function: prefetch64-sse (-923953.-296 MB/sec)
[   16.335780] async_tx: api initialized (async)
[   16.397967] md: raid6 personality registered for level 6
[   16.406144] md: raid5 personality registered for level 5
[   16.413710] md: raid4 personality registered for level 4
[   16.451833] md: raid10 personality registered for level 10
done.
Begin: Running /scripts/init-premount ... done.
Begin: Mounting root file system ... Begin: Running /scripts/local-top ... done.
Begin: Running /scripts/local-premount ... [   16.571918] Btrfs loaded
Scanning for Btrfs filesystems
done.
Warning: fsck not present, so skipping root file system
[   16.660603] EXT4-fs (sda1): mounted filesystem with ordered data mode. Opts: (null)
done.
Begin: Running /scripts/local-bottom ... done.
Begin: Running /scripts/init-bottom ... done.
[   16.936356] systemd[1]: systemd 229 running in system mode. (+PAM +AUDIT +SELINUX +IMA +APPARMOR +SMACK +SYSVINIT +UTMP +LIBCRYPTSETUP +GCRYPT +GNUTLS +ACL +XZ -LZ4 +SECCOMP +BLKID +ELFUTILS +KMOD -IDN)
[   16.959435] systemd[1]: Detected virtualization oracle.
[   16.966596] systemd[1]: Detected architecture x86-64.

Welcome to [1mUbuntu 16.04.7 LTS[0m!

[   16.989001] systemd[1]: Set hostname to <ubuntu>.
[   17.004096] systemd[1]: Initializing machine ID from random generator.
[   17.013394] systemd[1]: Installed transient /etc/machine-id file.
[   17.377193] systemd[1]: Listening on fsck to fsckd communication Socket.
[[0;32m  OK  [0m] Listening on fsck to fsckd communication Socket.
[   17.395984] systemd[1]: Reached target Swap.
[[0;32m  OK  [0m] Reached target Swap.
[   17.410838] systemd[1]: Listening on udev Control Socket.
[[0;32m  OK  [0m] Listening on udev Control Socket.
[   17.426822] systemd[1]: Listening on Journal Socket.
[[0;32m  OK  [0m] Listening on Journal Socket.
[   17.442698] systemd[1]: Started Forward Password Requests to Wall Directory Watch.
[[0;32m  OK  [0m] Started Forward Password Requests to Wall Directory Watch.
[   17.462807] systemd[1]: Listening on LVM2 poll daemon socket.
[[0;32m  OK  [0m] Listening on LVM2 poll daemon socket.
[   17.479634] systemd[1]: Reached target User and Group Name Lookups.
[[0;32m  OK  [0m] Reached target User and Group Name Lookups.
[   17.497310] systemd[1]: Set up automount Arbitrary Executable File Formats File System Automount Point.
[[0;32m  OK  [0m] Set up automount Arbitrary Executab...ats File System Automount Point.
[   17.519766] systemd[1]: Listening on Syslog Socket.
[[0;32m  OK  [0m] Listening on Syslog Socket.
[   17.535390] systemd[1]: Listening on Journal Audit Socket.
[[0;32m  OK  [0m] Listening on Journal Audit Socket.
[   17.553304] systemd[1]: Created slice System Slice.
[[0;32m  OK  [0m] Created slice System Slice.
[   17.578497] systemd[1]: Starting File System Check on Root Device...
         Starting File System Check on Root Device...
[   17.598818] systemd[1]: Starting Nameserver information manager...
         Starting Nameserver information manager...
[   17.621807] systemd[1]: Started Trigger resolvconf update for networkd DNS.
[[0;32m  OK  [0m] Started Trigger resolvconf update for networkd DNS.
[   17.658842] systemd[1]: Starting Load Kernel Modules...
         Starting Load Kernel Modules...
[   17.682719] systemd[1]: Starting Create list of required static device nodes for the current kernel...
[   17.698494] Loading iSCSI transport class v2.0-870.
         Starting Create list of required st... nodes for the current kernel...
[   17.711678] systemd[1]: Reached target Encrypted Volumes.
[[0;32m  OK  [0m] Reached target Encrypted Volumes.
[   17.733561] iscsi: registered transport (tcp)
[   17.747746] systemd[1]: Mounting Debug File System...
         Mounting Debug File System...
[   17.769355] systemd[1]: Listening on /dev/initctl Compatibility Named Pipe.
[[0;32m  OK  [0m] Listening on /dev/initctl Compatibility Named Pipe.
[   17.793778] systemd[1]: Starting Uncomplicated firewall...
         Starting Uncomplicated firewall...
[   17.821300] systemd[1]: Starting Set console keymap...
         Starting Set console keymap...
[   17.843769] systemd[1]: Listening on LVM2 metadata daemon socket.
[[0;32m  OK  [0m] Listening on LVM2 metadata daemon socket.
[   17.867702] systemd[1]: Listening on Journal Socket (/dev/log).
[[0;32m  OK  [0m] Listening on Journal Socket (/dev/log).
[   17.887323] systemd[1]: Starting Journal Service...
         Starting Journal Service...
[   17.907855] systemd[1]: Listening on Device-mapper event daemon FIFOs.
[   17.917132] random: nonblocking pool is initialized
[[0;32m  OK  [0m] Listening on Device-mapper event daemon FIFOs.
[   17.942068] systemd[1]: Mounting Huge Pages File System...
         Mounting Huge Pages File System...
[   17.962349] systemd[1]: Starting Monitoring of LVM2 mirrors, snapshots etc. using dmeventd or progress polling...
         Starting Monitoring of LVM2 mirrors... dmeventd or progress polling...
[   18.000323] systemd[1]: Created slice system-serial\x2dgetty.slice.
[[0;32m  OK  [0m] Created slice system-serial\x2dgetty.slice.
[   18.028017] systemd[1]: Mounting POSIX Message Queue File System...
[   18.039384] iscsi: registered transport (iser)
         Mounting POSIX Message Queue File System...
[   18.049950] systemd[1]: Reached target System Time Synchronized.
[[0;32m  OK  [0m] Reached target System Time Synchronized.
[   18.069450] systemd[1]: Created slice User and Session Slice.
[[0;32m  OK  [0m] Created slice User and Session Slice.
[   18.087506] systemd[1]: Reached target Slices.
[[0;32m  OK  [0m] Reached target Slices.
[   18.102813] systemd[1]: Listening on udev Kernel Socket.
[[0;32m  OK  [0m] Listening on udev Kernel Socket.
[   18.134113] systemd[1]: Mounted Huge Pages File System.
[[0;32m  OK  [0m] Mounted Huge Pages File System.
[   18.195479] systemd[1]: Mounted POSIX Message Queue File System.
[[0;32m  OK  [0m] Mounted POSIX Message Queue File System.
[   18.259397] systemd[1]: Mounted Debug File System.
[[0;32m  OK  [0m] Mounted Debug File System.
[   18.314518] systemd[1]: Started Journal Service.
[[0;32m  OK  [0m] Started Journal Service.
[[0;32m  OK  [0m] Started File System Check on Root Device.
[[0;32m  OK  [0m] Started Load Kernel Modules.
[[0;32m  OK  [0m] Started Create list of required sta...ce nodes for the current kernel.
[[0;32m  OK  [0m] Started Uncomplicated firewall.
[[0;32m  OK  [0m] Started Set console keymap.
[[0;32m  OK  [0m] Started Nameserver information manager.
[[0;32m  OK  [0m] Started LVM2 metadata daemon.
[[0;32m  OK  [0m] Started File System Check Daemon to report status.
         Starting Create Static Device Nodes in /dev...
         Mounting FUSE Control File System...
         Starting Apply Kernel Variables...
         Starting Remount Root and Kernel File Systems...
[[0;32m  OK  [0m] Mounted FUSE Control File System.
[   18.595915] EXT4-fs (sda1): re-mounted. Opts: (null)
[[0;32m  OK  [0m] Started Create Static Device Nodes in /dev.
[[0;32m  OK  [0m] Started Apply Kernel Variables.
[[0;32m  OK  [0m] Started Remount Root and Kernel File Systems.
         Starting Flush Journal to Persistent Storage...
         Starting udev Coldplug all Devices...
         Starting Load/Save Random Seed...
         Starting udev Kernel Device Manager...
[[0;32m  OK  [0m] Started Load/Save Random Seed.
[[0;32m  OK  [0m] Started Flush Journal to Persistent Storage.
[[0;32m  OK  [0m] Started udev Kernel Device Manager.
[[0;32m  OK  [0m] Started udev Coldplug all Devices.
[[0;32m  OK  [0m] Started Dispatch Password Requests to Console Directory Watch.
[[0;32m  OK  [0m] Started Monitoring of LVM2 mirrors,...ng dmeventd or progress polling.
[[0;32m  OK  [0m] Reached target Local File Systems (Pre).
[[0;32m  OK  [0m] Reached target Local File Systems.
         Starting Create Volatile Files and Directories...
         Starting Initial cloud-init job (pre-networking)...
         Starting LSB: AppArmor initialization...
         Starting Tell Plymouth To Write Out Runtime Data...
         Starting Set console font and keymap...
         Starting Commit a transient machine-id on disk...
[[0;32m  OK  [0m] Started Tell Plymouth To Write Out Runtime Data.
[[0;32m  OK  [0m] Started Create Volatile Files and Directories.
         Starting Update UTMP about System Boot/Shutdown...
[[0;32m  OK  [0m] Started Commit a transient machine-id on disk.
[[0;32m  OK  [0m] Started Update UTMP about System Boot/Shutdown.
[[0;32m  OK  [0m] Found device /dev/ttyS0.
[[0;32m  OK  [0m] Listening on Load/Save RF Kill Switch Status /dev/rfkill Watch.
[[0;32m  OK  [0m] Started LSB: AppArmor initialization.
[   18.784361] cloud-init[475]: Cloud-init v. 21.1-19-gbad84ad4-0ubuntu1~16.04.2 running 'init-local' at Tue, 26 Apr 2022 09:43:17 +0000. Up 18.11 seconds.
[[0;32m  OK  [0m] Started Initial cloud-init job (pre-networking).
[[0;32m  OK  [0m] Reached target Network (Pre).
         Starting Load AppArmor profiles managed internally by snapd...
         Starting Raise network interfaces...
[[0;32m  OK  [0m] Started Set console font and keymap.
[[0;32m  OK  [0m] Started Load AppArmor profiles managed internally by snapd.
[[0;32m  OK  [0m] Created slice system-getty.slice.
[[0;32m  OK  [0m] Started Raise network interfaces.
         Starting Initial cloud-init job (metadata service crawler)...
[[0;32m  OK  [0m] Reached target Network.
[   22.327736] cloud-init[927]: Cloud-init v. 21.1-19-gbad84ad4-0ubuntu1~16.04.2 running 'init' at Tue, 26 Apr 2022 09:43:20 +0000. Up 21.27 seconds.
[   22.350000] cloud-init[927]: ci-info: ++++++++++++++++++++++++++++++++++++++Net device info++++++++++++++++++++++++++++++++++++++
[   22.375878] cloud-init[927]: ci-info: +--------+------+----------------------------+---------------+--------+-------------------+[[0;32m  OK  [0m] Started Initial cloud-init job (metadata service crawler).
[[0;32m  OK  [0m] Reached target Cloud-config availability.
[[0;32m  OK  [0m] Reached target System Initialization.
[[0;32m  OK  [0m] Started Daily apt download activities.
[[0;32m  OK  [0m] Started Daily apt upgrade and clean activities.
[[0;32m  OK  [0m] Started Message of the Day.
[[0;32m  OK  [0m] Started Ubuntu Advantage update messaging.
[[0;32m  OK  [0m] Listening on UUID daemon activation socket.
[[0;32m  OK  [0m] Listening on ACPID Listen Socket.
[[0;32m  OK  [0m] Started Daily Cleanup of Temporary Directories.
[[0;32m  OK  [0m] Reached target Timers.

         Starting LXD - unix socket.
[   22.464630] cloud-init[927]: ci-info: | Device |  Up  |          Address           |      Mask     | Scope  |     Hw-Address    |
[[0;32m  OK  [0m] Listening on D-Bus System Message Bus Socket.
[   22.490823] [[0;32m  OK  [0m] Started ACPI Events Check.
[[0;32m  OK  [0m] Reached target Paths.
         Starting Socket activation for snappy daemon.
[[0;32m  OK  [0m] Reached target Network is Online.
cloud-init[927]: ci-info: +--------+------+----------------------------+---------------+--------+-------------------+
         Starting iSCSI initiator daemon (iscsid)...
[   22.535712] [[0;32m  OK  [0m] Listening on LXD - unix socket.
[[0;32m  OK  [0m] Listening on Socket activation for snappy daemon.
[[0;32m  OK  [0m] Reached target Sockets.
[[0;32m  OK  [0m] Reached target Basic System.
[[0;32m  OK  [0m] Started Deferred execution scheduler.
[[0;32m  OK  [0m] Started FUSE filesystem for LXC.
         Starting Login Service...
cloud-init[[0;32m  OK  [0m] Started Regular background program processing daemon.
         Starting LSB: MD monitoring daemon...
         Starting Virtualbox guest utils...
[927]: ci-info: | enp0s3 | True |         10.0.2.15          | 255.255.255.0 | global | 02:be:82:6b:cc:1d |
[   22.645481] cloud-init[927]: ci-info: | enp0s3 | True | fe80::be:82ff:fe6b:cc1d/64 |       .       |  link  | 02:be:82:6b:cc:1d |
         Starting Snap Daemon...
[   22.663443] cloud-init[927]: ci-info: |   lo   | True |         127.0.0.1          |   255.0.0.0   |  host  |         .         |
[   22.702587] cloud-init[927]: ci-info: |   lo   | True |          ::1/128           |       .       |  host  |         .         |
[   22.721639] cloud-init[927]: ci-info: +--------+------+----------------------------+---------------+--------+-------------------+
[   22.728921] cloud-init[927]: ci-info: +++++++++++++++++++++++++++Route IPv4 info++++++++++++++++++++++++++++
[   22.728989] cloud-init[927]: ci-info: +-------+-------------+----------+---------------+-----------+-------+
[   22.759720] cloud-init[927]: ci-info: | Route | Destination | Gateway  |    Genmask    | Interface | Flags |
[   22.767083] cloud-init[927]: ci-info: +-------+-------------+----------+---------------+-----------+-------+
[   22.781258] cloud-init[927]: ci-info: |   0   |   0.0.0.0   | 10.0.2.2 |    0.0.0.0    |   enp0s3  |   UG  |
[   22.781325] cloud-init[927]: ci-info: |   1   |   10.0.2.0  | 0.0.0.0  | 255.255.255.0 |   enp0s3  |   U   |
[   22.781387] cloud-init[927]: ci-info: +-------+-------------+----------+---------------+-----------+-------+
[   22.781443] cloud-init[927]: ci-info: +++++++++++++++++++Route IPv6 info+++++++++++++++++++
[   22.781489] cloud-init[927]: ci-info: +-------+-------------+---------+-----------+-------+
[   22.781534] cloud-init[927]: ci-info: | Route | Destination | Gateway | Interface | Flags |
[   22.781585] cloud-init[927]: ci-info: +-------+-------------+---------+-----------+-------+
[   22.794001] cloud-init[927]: ci-info: |   0   |  fe80::/64  |    ::   |   enp0s3  |   U   |
[   22.795154] cloud-init[927]: ci-info: |   3   |   ff00::/8  |    ::   |   enp0s3  |   U   |
[   22.807071] cloud-init[927]: ci-info: +-------+-------------+---------+-----------+-------+
[   22.819546] cloud-init[927]: Generating public/private rsa key pair.
[   22.819919] cloud-init[927]: Your identification has been saved in /etc/ssh/ssh_host_rsa_key.
[   22.822625] cloud-init[927]: Your public key has been saved in /etc/ssh/ssh_host_rsa_key.pub.
[   22.827710] cloud-init[927]: The key fingerprint is:
[   22.841846] cloud-init[927]: SHA256:xjVDGzJp+purZpgXAHxXtO5AmmcUBCKW+mQg5Tucg58 root@ubuntu-xenial
[   22.843199] cloud-init[927]: The key's randomart image is:
[   22.846762] cloud-init[927]: +---[RSA 2048]----+
[   22.858275] cloud-init[927]: |.++ .ooo=.o      |
[   22.869947] cloud-init[927]: |++o.. ..o= o     |
[   22.871222] cloud-init[927]: |o..o .oo. =      |
[   22.891260] cloud-init[927]: |.ooo.=.o . o     |
[   22.899990] cloud-init[927]: |.+* o.+.S        |
[   22.904400] cloud-init[927]: | ..+ o.+.        |
[   22.917729] cloud-init[927]: |  E  o ..o       |
[   22.922454] cloud-init[927]: |    o + o        |
[   22.942905] cloud-init[927]: |     +....       |
[   22.949867] cloud-init[927]: +----[SHA256]-----+
[   22.954051] cloud-init[927]: Generating public/private dsa key pair.
[   22.958195] cloud-init[927]: Your identification has been saved in /etc/ssh/ssh_host_dsa_key.
[   22.959597] cloud-init[927]: Your public key has been saved in /etc/ssh/ssh_host_dsa_key.pub.
[   22.962318] cloud-init[927]: The key fingerprint is:
[   22.965559] cloud-init[927]: SHA256:8O5N9fcDq+A7EmxgD15YZ0CWzbxYnnoYZZGCumw1fEs root@ubuntu-xenial
[   22.970230] cloud-init[927]: The key's randomart image is:
[   22.971667] cloud-init[927]: +---[DSA 1024]----+
[   22.978754] cloud-init[927]: |      o+*.o      |
[   22.986339] cloud-init[927]: |     ..+ @       |
[   22.990630] cloud-init[927]: |    o + X o      |
[   22.994794] cloud-init[927]: |   . O E +       |
[   23.009883] cloud-init[927]: |  . = X S   .    |
[   23.018795] cloud-init[927]: |   + . X . . o   |
[   23.021524] cloud-init[927]: |  .   . +..   + .|
[   23.030877] cloud-init[927]: |       o.+.  . o.|
[   23.038015] cloud-init[927]: |        oo+..   o|
[   23.050182] cloud-init[927]: +----[SHA256]-----+
[   23.061989] cloud-init[927]: Generating public/private ecdsa key pair.
[   23.067347] cloud-init[927]: Your identification has been saved in /etc/ssh/ssh_host_ecdsa_key.
[   23.070070] cloud-init[927]: Your public key has been saved in /etc/ssh/ssh_host_ecdsa_key.pub.
[   23.082295] cloud-init[927]: The key fingerprint is:
[   23.086985] cloud-init[927]: SHA256:nk9NAk/0bqlbbr2rY2vVba2hzwU6BDwk0TC6rzYGBdE root@ubuntu-xenial
[   23.089635] cloud-init[927]: The key's randomart image is:
[   23.093909] cloud-init[927]: +---[ECDSA 256]---+
[   23.104134] cloud-init[927]: |    .o  =+o      |
[   23.104615] cloud-init[927]: |    . E. *..     |
[   23.110228] cloud-init[927]: |     .. . = .    |
[   23.122054] cloud-init[927]: |      .. + + .   |
[   23.129663] cloud-init[927]: |     .. S o * ..o|
[   23.131675] cloud-init[927]: |    .  o . B .o.=|
[   23.135316] cloud-init[927]: |     .  + o =+ +.|
[   23.138187] cloud-init[927]: |      +. o +*oo. |
[   23.142368] cloud-init[927]: |     o..  o++==o |
[   23.154250] cloud-init[927]: +----[SHA256]-----+
[   23.159596] cloud-init[927]: Generating public/private ed25519 key pair.
[   23.170678] cloud-init[927]: Your identification has been saved in /etc/ssh/ssh_host_ed25519_key.
[   23.174905] cloud-init[927]: Your public key has been saved in /etc/ssh/ssh_host_ed25519_key.pub.
[   23.183968] cloud-init[927]: The key fingerprint is:
[   23.188346] cloud-init[927]: SHA256:gF7CBVnjkPVjRg0OUd9ZwZqRtxkh/hzbSj87fCG718w root@ubuntu-xenial
[   23.190202] cloud-init[927]: The key's randomart image is:
[   23.192314] cloud-init[927]: +--[ED25519 256]--+
[   23.194207] cloud-init[927]: |    o*Bo+o  .o+o |
[   23.200946] cloud-init[927]: |   .o= * ..oo++  |
[   23.207275] cloud-init[927]: |    + + * . +=.+ |
[   23.220357] cloud-init[927]: |   . o + .  ooo+ |
[   23.221479] cloud-init[927]: |    .   S     = .|
[   23.230427] cloud-init[927]: |             o + |
[   23.234970] cloud-init[927]: |              =++|
[   23.237629] cloud-init[927]: |             . +E|
[   23.242183] cloud-init[927]: |             .o.o|
[   23.243069] cloud-init[927]: +----[SHA256]-----+
         Starting /etc/rc.local Compatibility...
         Starting Accounts Service...
         Starting System Logging Service...
         Starting LSB: Record successful boot for GRUB...
[[0;32m  OK  [0m] Started D-Bus System Message Bus.
         Starting Pollinate to seed the pseudo random number generator...
[[0;32m  OK  [0m] Started ACPI event daemon.
         Starting LXD - container startup/shutdown...
[[0;32m  OK  [0m] Started System Logging Service.
[[0;32m  OK  [0m] Started /etc/rc.local Compatibility.
[[0;32m  OK  [0m] Started iSCSI initiator daemon (iscsid).
[[0;32m  OK  [0m] Started Login Service.
[[0;32m  OK  [0m] Started Unattended Upgrades Shutdown.
         Starting Authenticate and Authorize Users to Run Privileged Tasks...
         Starting Login to default iSCSI targets...
[[0;32m  OK  [0m] Started LSB: Record successful boot for GRUB.
[[0;32m  OK  [0m] Started LSB: MD monitoring daemon.
[[0;32m  OK  [0m] Started Authenticate and Authorize Users to Run Privileged Tasks.
[[0;32m  OK  [0m] Started Accounts Service.
[[0;32m  OK  [0m] Started Login to default iSCSI targets.
[[0;32m  OK  [0m] Reached target Remote File Systems (Pre).
[[0;32m  OK  [0m] Reached target Remote File Systems.
         Starting LSB: automatic crash report generation...
         Starting LSB: daemon to balance interrupts for SMP systems...
         Starting LSB: Set the CPU Frequency Scaling governor to "ondemand"...
         Starting Permit User Sessions...
[[0;32m  OK  [0m] Started Permit User Sessions.
         Starting Hold until boot process finishes up...
         Starting Terminate Plymouth Boot Screen...
[[0;32m  OK  [0m] Started LXD - container startup/shutdown.
[[0;32m  OK  [0m] Started Hold until boot process finishes up.
[[0;32m  OK  [0m] Started Terminate Plymouth Boot Screen.
         Starting Set console scheme...
[[0;32m  OK  [0m] Started Serial Getty on ttyS0.
[[0;32m  OK  [0m] Started Getty on tty1.
[[0;32m  OK  [0m] Reached target Login Prompts.
[[0;32m  OK  [0m] Started Set console scheme.
[[0;32m  OK  [0m] Started LSB: daemon to balance interrupts for SMP systems.
[[0;32m  OK  [0m] Started LSB: Set the CPU Frequency Scaling governor to "ondemand".
[[0;32m  OK  [0m] Started Virtualbox guest utils.
[[0;32m  OK  [0m] Started LSB: automatic crash report generation.
[[0;32m  OK  [0m] Started Snap Daemon.
         Starting Wait until snapd is fully seeded...
[[0;32m  OK  [0m] Started Pollinate to seed the pseudo random number generator.
         Starting OpenBSD Secure Shell server...
[[0;32m  OK  [0m] Started OpenBSD Secure Shell server.
[[0;32m  OK  [0m] Created slice User Slice of vagrant.
         Starting User Manager for UID 1000...
[[0;32m  OK  [0m] Started Session 1 of user vagrant.
[[0;32m  OK  [0m] Started User Manager for UID 1000.
[[0;32m  OK  [0m] Started Wait until snapd is fully seeded.
         Starting Apply the settings specified in cloud-config...
[[0;32m  OK  [0m] Reached target Multi-User System.
[[0;32m  OK  [0m] Reached target Graphical Interface.
         Starting Update UTMP about System Runlevel Changes...
[[0;32m  OK  [0m] Started Update UTMP about System Runlevel Changes.
[   28.687263] cloud-init[1345]: Generating locales (this might take a while)...

Ubuntu 16.04.7 LTS ubuntu-xenial ttyS0

ubuntu-xenial login: [   31.468856] cloud-init[1345]:   en_US.UTF-8... done
[   31.492661] cloud-init[1345]: Generation complete.
[   32.121407] cloud-init[1345]: Cloud-init v. 21.1-19-gbad84ad4-0ubuntu1~16.04.2 running 'modules:config' at Tue, 26 Apr 2022 09:43:27 +0000. Up 28.34 seconds.
ci-info: no authorized SSH keys fingerprints found for user ubuntu.
<14>Apr 26 09:43:32 ec2: 
<14>Apr 26 09:43:32 ec2: #############################################################
<14>Apr 26 09:43:32 ec2: -----BEGIN SSH HOST KEY FINGERPRINTS-----
<14>Apr 26 09:43:32 ec2: 1024 SHA256:8O5N9fcDq+A7EmxgD15YZ0CWzbxYnnoYZZGCumw1fEs root@ubuntu-xenial (DSA)
<14>Apr 26 09:43:32 ec2: 256 SHA256:nk9NAk/0bqlbbr2rY2vVba2hzwU6BDwk0TC6rzYGBdE root@ubuntu-xenial (ECDSA)
<14>Apr 26 09:43:32 ec2: 256 SHA256:gF7CBVnjkPVjRg0OUd9ZwZqRtxkh/hzbSj87fCG718w root@ubuntu-xenial (ED25519)
<14>Apr 26 09:43:32 ec2: 2048 SHA256:xjVDGzJp+purZpgXAHxXtO5AmmcUBCKW+mQg5Tucg58 root@ubuntu-xenial (RSA)
<14>Apr 26 09:43:32 ec2: -----END SSH HOST KEY FINGERPRINTS-----
<14>Apr 26 09:43:32 ec2: #############################################################
-----BEGIN SSH HOST KEY KEYS-----
ecdsa-sha2-nistp256 AAAAE2VjZHNhLXNoYTItbmlzdHAyNTYAAAAIbmlzdHAyNTYAAABBBHIAIy00kBgKJPY+o6XWaRPHXLrdva2jewMXq5uq1pMLQwc5D/FQ7xJdRmWJ25lLm8ZKeyyj9knb6Rd+2gu7Ad8= root@ubuntu-xenial
ssh-ed25519 AAAAC3NzaC1lZDI1NTE5AAAAIDORp5wPpA7PMQ/KBktWK/LlP71pBFvFfbru0F19XomN root@ubuntu-xenial
ssh-rsa AAAAB3NzaC1yc2EAAAADAQABAAABAQC5kP2XK/qfBsW3no9vxTFCph16uiFpxim4SEFn7RBxrHQ+FHvWiQShZKnCyFnEjkoZziDVnd9PpSl79Eg8LcffHaWQDLvQEj3UVMMdLC7JtClbAhc7ZWlSJRO92rZZQ8NZ7dxHlkqSs6RPiySJBEmWQmLZkshjw8bRBK1hqC7LUm6OcxkVyp5DDiBNkfpzaSa/RPYUakh7MAYj8dpDDTxmo6gDgnnXgR/SglMaE+XY3db0swGsXvAizXp2Biame59N9OomxmlxPJJN1RjqRuaMBI/vgLup2r7WtmKjwFhhjpiWiANQXFDG5GZzpz7Bw+3VoBKAdQ6ihgebb+MlgTeV root@ubuntu-xenial
-----END SSH HOST KEY KEYS-----
[   33.233340] cloud-init[1544]: Cloud-init v. 21.1-19-gbad84ad4-0ubuntu1~16.04.2 running 'modules:final' at Tue, 26 Apr 2022 09:43:32 +0000. Up 32.67 seconds.
[   33.233910] cloud-init[1544]: ci-info: no authorized SSH keys fingerprints found for user ubuntu.
[   33.250291] cloud-init[1544]: Cloud-init v. 21.1-19-gbad84ad4-0ubuntu1~16.04.2 finished at Tue, 26 Apr 2022 09:43:32 +0000. Datasource DataSourceNoCloud [seed=/dev/sdb][dsmode=net].  Up 33.21 seconds
