[    0.000000] Initializing cgroup subsys cpuset
[    0.000000] Initializing cgroup subsys cpu
[    0.000000] Initializing cgroup subsys cpuacct
[    0.000000] Linux version 4.4.0-210-generic (buildd@lgw01-amd64-009) (gcc version 5.4.0 20160609 (Ubuntu 5.4.0-6ubuntu1~16.04.12) ) #242-Ubuntu SMP Fri Apr 16 09:57:56 UTC 2021 (Ubuntu 4.4.0-210.242-generic 4.4.262)
[    0.000000] Command line: BOOT_IMAGE=/boot/vmlinuz-4.4.0-210-generic root=LABEL=cloudimg-rootfs ro console=tty1 console=ttyS0
[    0.000000] KERNEL supported cpus:
[    0.000000]   Intel GenuineIntel
[    0.000000]   AMD AuthenticAMD
[    0.000000]   Centaur CentaurHauls
[    0.000000] x86/fpu: Legacy x87 FPU detected.
[    0.000000] e820: BIOS-provided physical RAM map:
[    0.000000] BIOS-e820: [mem 0x0000000000000000-0x000000000009fbff] usable
[    0.000000] BIOS-e820: [mem 0x000000000009fc00-0x000000000009ffff] reserved
[    0.000000] BIOS-e820: [mem 0x00000000000f0000-0x00000000000fffff] reserved
[    0.000000] BIOS-e820: [mem 0x0000000000100000-0x000000007ffeffff] usable
[    0.000000] BIOS-e820: [mem 0x000000007fff0000-0x000000007fffffff] ACPI data
[    0.000000] BIOS-e820: [mem 0x00000000fec00000-0x00000000fec00fff] reserved
[    0.000000] BIOS-e820: [mem 0x00000000fee00000-0x00000000fee00fff] reserved
[    0.000000] BIOS-e820: [mem 0x00000000fffc0000-0x00000000ffffffff] reserved
[    0.000000] NX (Execute Disable) protection: active
[    0.000000] SMBIOS 2.5 present.
[    0.000000] Hypervisor detected: KVM
[    0.000000] e820: last_pfn = 0x7fff0 max_arch_pfn = 0x400000000
[    0.000000] MTRR: Disabled
[    0.000000] x86/PAT: MTRRs disabled, skipping PAT initialization too.
[    0.000000] CPU MTRRs all blank - virtualized system.
[    0.000000] x86/PAT: Configuration [0-7]: WB  WT  UC- UC  WB  WT  UC- UC  
[    0.000000] found SMP MP-table at [mem 0x0009fff0-0x0009ffff] mapped at [ffff88000009fff0]
[    0.000000] Scanning 1 areas for low memory corruption
[    0.000000] RAMDISK: [mem 0x362dc000-0x37165fff]
[    0.000000] ACPI: Early table checksum verification disabled
[    0.000000] ACPI: RSDP 0x00000000000E0000 000024 (v02 VBOX  )
[    0.000000] ACPI: XSDT 0x000000007FFF0030 00003C (v01 VBOX   VBOXXSDT 00000001 ASL  00000061)
[    0.000000] ACPI: FACP 0x000000007FFF00F0 0000F4 (v04 VBOX   VBOXFACP 00000001 ASL  00000061)
[    0.000000] ACPI: DSDT 0x000000007FFF0470 002325 (v02 VBOX   VBOXBIOS 00000002 INTL 20100528)
[    0.000000] ACPI: FACS 0x000000007FFF0200 000040
[    0.000000] ACPI: FACS 0x000000007FFF0200 000040
[    0.000000] ACPI: APIC 0x000000007FFF0240 00005C (v02 VBOX   VBOXAPIC 00000001 ASL  00000061)
[    0.000000] ACPI: SSDT 0x000000007FFF02A0 0001CC (v01 VBOX   VBOXCPUT 00000002 INTL 20100528)
[    0.000000] No NUMA configuration found
[    0.000000] Faking a node at [mem 0x0000000000000000-0x000000007ffeffff]
[    0.000000] NODE_DATA(0) allocated [mem 0x7ffeb000-0x7ffeffff]
[    0.000000] kvm-clock: Using msrs 4b564d01 and 4b564d00
[    0.000000] kvm-clock: cpu 0, msr 0:7ffe3001, primary cpu clock
[    0.000000] kvm-clock: using sched offset of 5456549703 cycles
[    0.000000] clocksource: kvm-clock: mask: 0xffffffffffffffff max_cycles: 0x1cd42e4dffb, max_idle_ns: 881590591483 ns
[    0.000000] Zone ranges:
[    0.000000]   DMA      [mem 0x0000000000001000-0x0000000000ffffff]
[    0.000000]   DMA32    [mem 0x0000000001000000-0x000000007ffeffff]
[    0.000000]   Normal   empty
[    0.000000]   Device   empty
[    0.000000] Movable zone start for each node
[    0.000000] Early memory node ranges
[    0.000000]   node   0: [mem 0x0000000000001000-0x000000000009efff]
[    0.000000]   node   0: [mem 0x0000000000100000-0x000000007ffeffff]
[    0.000000] Initmem setup node 0 [mem 0x0000000000001000-0x000000007ffeffff]
[    0.000000] ACPI: PM-Timer IO Port: 0x4008
[    0.000000] IOAPIC[0]: apic_id 2, version 32, address 0xfec00000, GSI 0-23
[    0.000000] ACPI: INT_SRC_OVR (bus 0 bus_irq 0 global_irq 2 dfl dfl)
[    0.000000] ACPI: INT_SRC_OVR (bus 0 bus_irq 9 global_irq 9 low level)
[    0.000000] Using ACPI (MADT) for SMP configuration information
[    0.000000] smpboot: Allowing 2 CPUs, 0 hotplug CPUs
[    0.000000] PM: Registered nosave memory: [mem 0x00000000-0x00000fff]
[    0.000000] PM: Registered nosave memory: [mem 0x0009f000-0x0009ffff]
[    0.000000] PM: Registered nosave memory: [mem 0x000a0000-0x000effff]
[    0.000000] PM: Registered nosave memory: [mem 0x000f0000-0x000fffff]
[    0.000000] e820: [mem 0x80000000-0xfebfffff] available for PCI devices
[    0.000000] Booting paravirtualized kernel on KVM
[    0.000000] clocksource: refined-jiffies: mask: 0xffffffff max_cycles: 0xffffffff, max_idle_ns: 7645519600211568 ns
[    0.000000] setup_percpu: NR_CPUS:512 nr_cpumask_bits:512 nr_cpu_ids:2 nr_node_ids:1
[    0.000000] PERCPU: Embedded 33 pages/cpu @ffff88007fc00000 s95192 r8192 d31784 u1048576
[    0.000000] Built 1 zonelists in Node order, mobility grouping on.  Total pages: 515960
[    0.000000] Policy zone: DMA32
[    0.000000] Kernel command line: BOOT_IMAGE=/boot/vmlinuz-4.4.0-210-generic root=LABEL=cloudimg-rootfs ro console=tty1 console=ttyS0
[    0.000000] PID hash table entries: 4096 (order: 3, 32768 bytes)
[    0.000000] Memory: 2029984K/2096696K available (8644K kernel code, 1332K rwdata, 4044K rodata, 1492K init, 1164K bss, 66712K reserved, 0K cma-reserved)
[    0.000000] SLUB: HWalign=64, Order=0-3, MinObjects=0, CPUs=2, Nodes=1
[    0.000000] Kernel/User page tables isolation: enabled
[    0.000000] Hierarchical RCU implementation.
[    0.000000] 	Build-time adjustment of leaf fanout to 64.
[    0.000000] 	RCU restricting CPUs from NR_CPUS=512 to nr_cpu_ids=2.
[    0.000000] RCU: Adjusting geometry for rcu_fanout_leaf=64, nr_cpu_ids=2
[    0.000000] NR_IRQS:33024 nr_irqs:440 16
[    0.000000] Console: colour VGA+ 80x25
[    0.000000] console [tty1] enabled
[    0.000000] console [ttyS0] enabled
[    0.000000] tsc: Detected 2111.998 MHz processor
[    1.218657] Calibrating delay loop (skipped) preset value.. 4223.99 BogoMIPS (lpj=8447992)
[    1.230446] pid_max: default: 32768 minimum: 301
[    1.236244] ACPI: Core revision 20150930
[    1.243602] ACPI: 2 ACPI AML tables successfully acquired and loaded
[    1.253300] Security Framework initialized
[    1.260004] Yama: becoming mindful.
[    1.266309] AppArmor: AppArmor initialized
[    1.273326] Dentry cache hash table entries: 262144 (order: 9, 2097152 bytes)
[    1.303782] Inode-cache hash table entries: 131072 (order: 8, 1048576 bytes)
[    1.325017] Mount-cache hash table entries: 4096 (order: 3, 32768 bytes)
[    1.335731] Mountpoint-cache hash table entries: 4096 (order: 3, 32768 bytes)
[    1.353135] Initializing cgroup subsys io
[    1.363353] Initializing cgroup subsys memory
[    1.369504] Initializing cgroup subsys devices
[    1.376660] Initializing cgroup subsys freezer
[    1.383200] Initializing cgroup subsys net_cls
[    1.394081] Initializing cgroup subsys perf_event
[    1.404237] Initializing cgroup subsys net_prio
[    1.412645] Initializing cgroup subsys hugetlb
[    1.419548] Initializing cgroup subsys pids
[    1.428349] mce: CPU supports 0 MCE banks
[    1.435489] Last level iTLB entries: 4KB 64, 2MB 8, 4MB 8
[    1.444368] Last level dTLB entries: 4KB 64, 2MB 0, 4MB 0, 1GB 4
[    1.453376] Spectre V1 : Mitigation: usercopy/swapgs barriers and __user pointer sanitization
[    1.470306] Spectre V2 : Mitigation: Full generic retpoline
[    1.481796] Spectre V2 : Spectre v2 / SpectreRSB mitigation: Filling RSB on context switch
[    1.498454] Speculative Store Bypass: Vulnerable
[    1.511119] MDS: Mitigation: Clear CPU buffers
[    1.585551] Freeing SMP alternatives memory: 36K
[    1.734401] ftrace: allocating 32380 entries in 127 pages
[    2.719934] smpboot: APIC(0) Converting physical 0 to logical package 0
[    2.731154] smpboot: Max logical packages: 1
[    2.764205] ..TIMER: vector=0x30 apic1=0 pin1=2 apic2=-1 pin2=-1
[    2.881873] smpboot: CPU0: Intel(R) Core(TM) i7-8650U CPU @ 1.90GHz (family: 0x6, model: 0x8e, stepping: 0xa)
[    2.900084] Performance Events: unsupported p6 CPU model 142 no PMU driver, software events only.
[    3.048377] KVM setup paravirtual spinlock
[    3.057991] x86: Booting SMP configuration:
[    3.063862] .... node  #0, CPUs:      #1
[    3.071151] kvm-clock: cpu 1, msr 0:7ffe3041, secondary cpu clock
[    3.078606] mce: CPU supports 0 MCE banks
[    3.084101] x86: Booted up 1 node, 2 CPUs
[    3.089821] smpboot: Total of 2 processors activated (8447.99 BogoMIPS)
[    3.103007] devtmpfs: initialized
[    3.110870] evm: security.selinux
[    3.115979] evm: security.SMACK64
[    3.120491] evm: security.SMACK64EXEC
[    3.125414] evm: security.SMACK64TRANSMUTE
[    3.130811] evm: security.SMACK64MMAP
[    3.136349] evm: security.ima
[    3.141440] evm: security.capability
[    3.148029] clocksource: jiffies: mask: 0xffffffff max_cycles: 0xffffffff, max_idle_ns: 7645041785100000 ns
[    3.160226] futex hash table entries: 512 (order: 3, 32768 bytes)
[    3.170994] pinctrl core: initialized pinctrl subsystem
[    3.178340] RTC time:  7:48:13, date: 05/24/22
[    3.185913] NET: Registered protocol family 16
[    3.203841] cpuidle: using governor ladder
[    3.220708] cpuidle: using governor menu
[    3.226415] PCCT header not found.
[    3.232027] ACPI: bus type PCI registered
[    3.237946] acpiphp: ACPI Hot Plug PCI Controller Driver version: 0.5
[    3.246974] PCI: Using configuration type 1 for base access
[    3.289118] ACPI: Added _OSI(Module Device)
[    3.298327] ACPI: Added _OSI(Processor Device)
[    3.304310] ACPI: Added _OSI(3.0 _SCP Extensions)
[    3.310319] ACPI: Added _OSI(Processor Aggregator Device)
[    3.318896] ACPI: Executed 1 blocks of module-level executable AML code
[    3.332684] ACPI: Interpreter enabled
[    3.337471] ACPI: (supports S0 S5)
[    3.341733] ACPI: Using IOAPIC for interrupt routing
[    3.347979] PCI: Using host bridge windows from ACPI; if necessary, use "pci=nocrs" and report a bug
[    3.368503] ACPI: PCI Root Bridge [PCI0] (domain 0000 [bus 00-ff])
[    3.376146] acpi PNP0A03:00: _OSC: OS supports [ASPM ClockPM Segments MSI]
[    3.385573] acpi PNP0A03:00: _OSC: not requesting OS control; OS requires [ExtendedConfig ASPM ClockPM MSI]
[    3.397252] acpi PNP0A03:00: fail to add MMCONFIG information, can't access extended PCI configuration space under this bridge.
[    3.412106] PCI host bridge to bus 0000:00
[    3.417883] pci_bus 0000:00: root bus resource [io  0x0000-0x0cf7 window]
[    3.426439] pci_bus 0000:00: root bus resource [io  0x0d00-0xffff window]
[    3.434681] pci_bus 0000:00: root bus resource [mem 0x000a0000-0x000bffff window]
[    3.443683] pci_bus 0000:00: root bus resource [mem 0x80000000-0xfdffffff window]
[    3.452877] pci_bus 0000:00: root bus resource [bus 00-ff]
[    3.469577] pci 0000:00:01.1: legacy IDE quirk: reg 0x10: [io  0x01f0-0x01f7]
[    3.478451] pci 0000:00:01.1: legacy IDE quirk: reg 0x14: [io  0x03f6]
[    3.487109] pci 0000:00:01.1: legacy IDE quirk: reg 0x18: [io  0x0170-0x0177]
[    3.495883] pci 0000:00:01.1: legacy IDE quirk: reg 0x1c: [io  0x0376]
[    3.771835] pci 0000:00:07.0: quirk: [io  0x4000-0x403f] claimed by PIIX4 ACPI
[    3.790565] pci 0000:00:07.0: quirk: [io  0x4100-0x410f] claimed by PIIX4 SMB
[    3.824535] ACPI: PCI Interrupt Link [LNKA] (IRQs 5 9 10 *11)
[    3.846253] ACPI: PCI Interrupt Link [LNKB] (IRQs 5 9 *10 11)
[    3.862854] ACPI: PCI Interrupt Link [LNKC] (IRQs 5 *9 10 11)
[    3.879310] ACPI: PCI Interrupt Link [LNKD] (IRQs 5 9 10 *11)
[    3.896042] ACPI: Enabled 2 GPEs in block 00 to 07
[    3.935943] vgaarb: setting as boot device: PCI:0000:00:02.0
[    3.944922] vgaarb: device added: PCI:0000:00:02.0,decodes=io+mem,owns=io+mem,locks=none
[    3.957943] vgaarb: loaded
[    3.962783] vgaarb: bridge control possible 0000:00:02.0
[    3.973589] SCSI subsystem initialized
[    3.986772] ACPI: bus type USB registered
[    3.994581] usbcore: registered new interface driver usbfs
[    4.003287] usbcore: registered new interface driver hub
[    4.011913] usbcore: registered new device driver usb
[    4.021448] PCI: Using ACPI for IRQ routing
[    4.029793] NetLabel: Initializing
[    4.035670] NetLabel:  domain hash size = 128
[    4.042596] NetLabel:  protocols = UNLABELED CIPSOv4
[    4.050036] NetLabel:  unlabeled traffic allowed by default
[    4.058330] amd_nb: Cannot enumerate AMD northbridges
[    4.066174] clocksource: Switched to clocksource kvm-clock
[    4.128173] AppArmor: AppArmor Filesystem Enabled
[    4.135344] pnp: PnP ACPI init
[    4.142057] pnp: PnP ACPI: found 3 devices
[    4.157627] clocksource: acpi_pm: mask: 0xffffff max_cycles: 0xffffff, max_idle_ns: 2085701024 ns
[    4.170087] NET: Registered protocol family 2
[    4.177516] TCP established hash table entries: 16384 (order: 5, 131072 bytes)
[    4.191762] TCP bind hash table entries: 16384 (order: 6, 262144 bytes)
[    4.202438] TCP: Hash tables configured (established 16384 bind 16384)
[    4.212224] UDP hash table entries: 1024 (order: 3, 32768 bytes)
[    4.220356] UDP-Lite hash table entries: 1024 (order: 3, 32768 bytes)
[    4.229030] NET: Registered protocol family 1
[    4.235195] pci 0000:00:00.0: Limiting direct PCI/PCI transfers
[    4.242996] pci 0000:00:01.0: Activating ISA DMA hang workarounds
[    4.251735] Unpacking initramfs...
[    4.952679] Freeing initrd memory: 14888K
[    4.961395] clocksource: tsc: mask: 0xffffffffffffffff max_cycles: 0x1e71768ef8b, max_idle_ns: 440795218977 ns
[    4.980303] platform rtc_cmos: registered platform RTC device (no PNP device found)
[    4.995759] Scanning for low memory corruption every 60 seconds
[    5.008029] audit: initializing netlink subsys (disabled)
[    5.017839] audit: type=2000 audit(1653378500.271:1): initialized
[    5.028291] Initialise system trusted keyring
[    5.037135] HugeTLB registered 2 MB page size, pre-allocated 0 pages
[    5.052305] zbud: loaded
[    5.058954] VFS: Disk quotas dquot_6.6.0
[    5.066836] VFS: Dquot-cache hash table entries: 512 (order 0, 4096 bytes)
[    5.079237] squashfs: version 4.0 (2009/01/31) Phillip Lougher
[    5.090677] fuse init (API version 7.23)
[    5.097699] Key type big_key registered
[    5.104096] Allocating IMA MOK and blacklist keyrings.
[    5.129392] Key type asymmetric registered
[    5.136094] Asymmetric key parser 'x509' registered
[    5.143948] Block layer SCSI generic (bsg) driver version 0.4 loaded (major 249)
[    5.155640] io scheduler noop registered
[    5.162173] io scheduler deadline registered (default)
[    5.170688] io scheduler cfq registered
[    5.176967] pci_hotplug: PCI Hot Plug PCI Core version: 0.5
[    5.185279] pciehp: PCI Express Hot Plug Controller Driver version: 0.4
[    5.196035] ACPI: AC Adapter [AC] (on-line)
[    5.202701] input: Power Button as /devices/LNXSYSTM:00/LNXPWRBN:00/input/input0
[    5.213769] ACPI: Power Button [PWRF]
[    5.219934] input: Sleep Button as /devices/LNXSYSTM:00/LNXSLPBN:00/input/input1
[    5.230786] ACPI: Sleep Button [SLPF]
[    5.237945] GHES: HEST is not enabled!
[    5.240275] ACPI: Battery Slot [BAT0] (battery present)
[    5.252363] Serial: 8250/16550 driver, 32 ports, IRQ sharing enabled
[    5.298464] 00:02: ttyS0 at I/O 0x3f8 (irq = 4, base_baud = 115200) is a 16550A
[    5.312305] Linux agpgart interface v0.103
[    5.332991] loop: module loaded
[    5.342557] scsi host0: ata_piix
[    5.348994] scsi host1: ata_piix
[    5.354342] ata1: PATA max UDMA/33 cmd 0x1f0 ctl 0x3f6 bmdma 0xd000 irq 14
[    5.363126] ata2: PATA max UDMA/33 cmd 0x170 ctl 0x376 bmdma 0xd008 irq 15
[    5.372321] libphy: Fixed MDIO Bus: probed
[    5.379557] tun: Universal TUN/TAP device driver, 1.6
[    5.387249] tun: (C) 1999-2004 Max Krasnyansky <maxk@qualcomm.com>
[    5.396688] PPP generic driver version 2.4.2
[    5.405085] ehci_hcd: USB 2.0 'Enhanced' Host Controller (EHCI) Driver
[    5.416841] ehci-pci: EHCI PCI platform driver
[    5.425888] ehci-platform: EHCI generic platform driver
[    5.435015] ohci_hcd: USB 1.1 'Open' Host Controller (OHCI) Driver
[    5.444626] ohci-pci: OHCI PCI platform driver
[    5.452050] ohci-platform: OHCI generic platform driver
[    5.461075] uhci_hcd: USB Universal Host Controller Interface driver
[    5.472295] i8042: PNP: PS/2 Controller [PNP0303:PS2K,PNP0f03:PS2M] at 0x60,0x64 irq 1,12
[    5.493098] serio: i8042 KBD port at 0x60,0x64 irq 1
[    5.500753] serio: i8042 AUX port at 0x60,0x64 irq 12
[    5.512157] mousedev: PS/2 mouse device common for all mice
[    5.524932] rtc_cmos rtc_cmos: rtc core: registered rtc_cmos as rtc0
[    5.543081] rtc_cmos rtc_cmos: alarms up to one day, 114 bytes nvram
[    5.551826] i2c /dev entries driver
[    5.557936] device-mapper: uevent: version 1.0.3
[    5.566519] device-mapper: ioctl: 4.34.0-ioctl (2015-10-28) initialised: dm-devel@redhat.com
[    5.631392] ledtrig-cpu: registered to indicate activity on CPUs
[    5.642220] input: AT Translated Set 2 keyboard as /devices/platform/i8042/serio0/input/input2
[    5.664816] NET: Registered protocol family 10
[    5.676481] NET: Registered protocol family 17
[    5.684786] Key type dns_resolver registered
[    5.693721] registered taskstats version 1
[    5.703097] Loading compiled-in X.509 certificates
[    5.712844] Loaded X.509 cert 'Build time autogenerated kernel key: cf00e047681d67edb2720680708b7d9498083038'
[    5.730662] zswap: loaded using pool lzo/zbud
[    5.749676] Key type trusted registered
[    5.776286] Key type encrypted registered
[    5.785009] AppArmor: AppArmor sha1 policy hashing enabled
[    5.796674] ima: No TPM chip found, activating TPM-bypass!
[    5.807664] ima: Allocated hash algorithm: sha1
[    5.817360] evm: HMAC attrs: 0x1
[    5.826766]   Magic number: 6:326:825
[    5.835807] rtc_cmos rtc_cmos: setting system clock to 2022-05-24 07:48:16 UTC (1653378496)
[    5.860536] BIOS EDD facility v0.16 2004-Jun-25, 0 devices found
[    5.871783] EDD information not available.
[    5.884025] Freeing unused kernel memory: 1492K
[    5.892736] Write protecting the kernel read-only data: 14336k
[    5.905142] Freeing unused kernel memory: 1584K
[    5.915076] Freeing unused kernel memory: 52K
Loading, please wait...
starting version 229
[    5.987637] random: systemd-udevd: uninitialized urandom read (16 bytes read, 6 bits of entropy available)
[    5.989209] random: udevadm: uninitialized urandom read (16 bytes read, 6 bits of entropy available)
[    5.989254] random: udevadm: uninitialized urandom read (16 bytes read, 6 bits of entropy available)
[    6.037906] random: udevadm: uninitialized urandom read (16 bytes read, 6 bits of entropy available)
[    6.037971] random: udevadm: uninitialized urandom read (16 bytes read, 6 bits of entropy available)
[    6.038167] random: udevadm: uninitialized urandom read (16 bytes read, 6 bits of entropy available)
[    6.038640] random: udevadm: uninitialized urandom read (16 bytes read, 6 bits of entropy available)
[    6.038719] random: udevadm: uninitialized urandom read (16 bytes read, 6 bits of entropy available)
[    6.038848] random: udevadm: uninitialized urandom read (16 bytes read, 6 bits of entropy available)
[    6.039024] random: udevadm: uninitialized urandom read (16 bytes read, 6 bits of entropy available)
[    6.231380] e1000: Intel(R) PRO/1000 Network Driver - version 7.3.21-k8-NAPI
[    6.248014] e1000: Copyright (c) 1999-2006 Intel Corporation.
[    6.276028] Fusion MPT base driver 3.04.20
[    6.285590] Copyright (c) 1999-2008 LSI Corporation
[    6.381144] Fusion MPT SPI Host driver 3.04.20
[    6.632462] input: ImExPS/2 Generic Explorer Mouse as /devices/platform/i8042/serio1/input/input4
[    7.671688] e1000 0000:00:03.0 eth0: (PCI:33MHz:32-bit) 02:be:82:6b:cc:1d
[    7.683664] e1000 0000:00:03.0 eth0: Intel(R) PRO/1000 Network Connection
[    7.702076] mptbase: ioc0: Initiating bringup
[    7.987475] ioc0: LSI53C1030 A0: Capabilities={Initiator}
[    8.683890] scsi host2: ioc0: LSI53C1030 A0, FwRev=00000000h, Ports=1, MaxQ=256, IRQ=20
[    8.804975] scsi 2:0:0:0: Direct-Access     VBOX     HARDDISK         1.0  PQ: 0 ANSI: 5
[    8.823334] scsi target2:0:0: Beginning Domain Validation
[    8.844746] scsi target2:0:0: Domain Validation skipping write tests
[    8.853612] scsi target2:0:0: Ending Domain Validation
[    8.876025] scsi target2:0:0: asynchronous
[    8.891684] scsi 2:0:1:0: Direct-Access     VBOX     HARDDISK         1.0  PQ: 0 ANSI: 5
[    8.907333] scsi target2:0:1: Beginning Domain Validation
[    8.929235] scsi target2:0:1: Domain Validation skipping write tests
[    8.937610] scsi target2:0:1: Ending Domain Validation
[    8.947320] scsi target2:0:1: asynchronous
[    8.983439] sd 2:0:0:0: Attached scsi generic sg0 type 0
[    8.993983] sd 2:0:0:0: [sda] 83886080 512-byte logical blocks: (42.9 GB/40.0 GiB)
[    9.011128] sd 2:0:1:0: Attached scsi generic sg1 type 0
[    9.018878] sd 2:0:1:0: [sdb] 20480 512-byte logical blocks: (10.5 MB/10.0 MiB)
[    9.034898] sd 2:0:0:0: [sda] Write Protect is off
[    9.045241] sd 2:0:1:0: [sdb] Write Protect is off
[    9.055623] sd 2:0:0:0: [sda] Incomplete mode parameter data
[    9.066253] sd 2:0:0:0: [sda] Assuming drive cache: write through
[    9.120329] sd 2:0:1:0: [sdb] Incomplete mode parameter data
[    9.133242] sd 2:0:1:0: [sdb] Assuming drive cache: write through
[    9.161345]  sda: sda1
[    9.176712] sd 2:0:1:0: [sdb] Attached SCSI disk
[    9.197101] sd 2:0:0:0: [sda] Attached SCSI disk
[    9.905242] e1000 0000:00:08.0 eth1: (PCI:33MHz:32-bit) 08:00:27:9c:80:07
[    9.917908] e1000 0000:00:08.0 eth1: Intel(R) PRO/1000 Network Connection
[    9.933703] e1000 0000:00:03.0 enp0s3: renamed from eth0
[    9.960131] e1000 0000:00:08.0 enp0s8: renamed from eth1
Begin: Loading essential drivers ... [   12.071295] md: linear personality registered for level -1
[   12.090094] md: multipath personality registered for level -4
[   12.111108] md: raid0 personality registered for level 0
[   12.147959] md: raid1 personality registered for level 1
[   12.646776] raid6: sse2x1   gen() 51896 MB/s
[   14.645836] raid6: sse2x1   xor() 76871 MB/s
[   15.647023] raid6: sse2x2   gen() 106863 MB/s
[   17.647070] raid6: sse2x2   xor() 85383 MB/s
[   17.729466] raid6: sse2x4   gen()  9447 MB/s
[   17.804637] raid6: sse2x4   xor()  5563 MB/s
[   17.812243] raid6: using algorithm sse2x2 gen() 106863 MB/s
[   17.820314] raid6: .... xor() 85383 MB/s, rmw enabled
[   17.828473] raid6: using ssse3x2 recovery algorithm
[   17.839180] xor: measuring software checksum speed
[   17.886563]    prefetch64-sse: 13037.000 MB/sec
[   17.934307]    generic_sse: 13235.000 MB/sec
[   17.939943] xor: using function: generic_sse (13235.000 MB/sec)
[   17.951993] async_tx: api initialized (async)
[   18.026806] md: raid6 personality registered for level 6
[   18.034499] md: raid5 personality registered for level 5
[   18.043375] md: raid4 personality registered for level 4
[   18.088116] md: raid10 personality registered for level 10
done.
Begin: Running /scripts/init-premount ... done.
Begin: Mounting root file system ... Begin: Running /scripts/local-top ... done.
Begin: Running /scripts/local-premount ... [   18.236752] Btrfs loaded
Scanning for Btrfs filesystems
done.
Warning: fsck not present, so skipping root file system
[   18.347429] EXT4-fs (sda1): mounted filesystem with ordered data mode. Opts: (null)
done.
Begin: Running /scripts/local-bottom ... done.
Begin: Running /scripts/init-bottom ... done.
[   18.684172] systemd[1]: systemd 229 running in system mode. (+PAM +AUDIT +SELINUX +IMA +APPARMOR +SMACK +SYSVINIT +UTMP +LIBCRYPTSETUP +GCRYPT +GNUTLS +ACL +XZ -LZ4 +SECCOMP +BLKID +ELFUTILS +KMOD -IDN)
[   18.712107] systemd[1]: Detected virtualization oracle.
[   18.719595] systemd[1]: Detected architecture x86-64.

Welcome to [1mUbuntu 16.04.7 LTS[0m!

[   18.740480] systemd[1]: Set hostname to <ubuntu>.
[   18.763201] systemd[1]: Initializing machine ID from random generator.
[   18.772615] systemd[1]: Installed transient /etc/machine-id file.
[   19.175740] systemd[1]: Listening on Journal Audit Socket.
[[0;32m  OK  [0m] Listening on Journal Audit Socket.
[   19.193126] systemd[1]: Reached target Encrypted Volumes.
[[0;32m  OK  [0m] Reached target Encrypted Volumes.
[   19.210317] systemd[1]: Created slice System Slice.
[[0;32m  OK  [0m] Created slice System Slice.
[   19.223688] systemd[1]: Created slice system-serial\x2dgetty.slice.
[[0;32m  OK  [0m] Created slice system-serial\x2dgetty.slice.
[   19.240185] systemd[1]: Listening on Journal Socket (/dev/log).
[[0;32m  OK  [0m] Listening on Journal Socket (/dev/log).
[   19.259208] systemd[1]: Reached target Swap.
[[0;32m  OK  [0m] Reached target Swap.
[   19.272792] systemd[1]: Reached target User and Group Name Lookups.
[[0;32m  OK  [0m] Reached target User and Group Name Lookups.
[   19.293825] systemd[1]: Reached target System Time Synchronized.
[[0;32m  OK  [0m] Reached target System Time Synchronized.
[   19.309814] systemd[1]: Listening on LVM2 poll daemon socket.
[[0;32m  OK  [0m] Listening on LVM2 poll daemon socket.
[   19.327382] systemd[1]: Listening on Journal Socket.
[[0;32m  OK  [0m] Listening on Journal Socket.
[   19.360018] systemd[1]: Mounting POSIX Message Queue File System...
         Mounting POSIX Message Queue File System...
[   19.378284] systemd[1]: Starting Nameserver information manager...
         Starting Nameserver information manager...
[   19.398970] systemd[1]: Mounting Debug File System...
         Mounting Debug File System...
[   19.414149] systemd[1]: Listening on Syslog Socket.
[[0;32m  OK  [0m] Listening on Syslog Socket.
[   19.429577] systemd[1]: Listening on udev Control Socket.
[[0;32m  OK  [0m] Listening on udev Control Socket.
[   19.447461] systemd[1]: Listening on /dev/initctl Compatibility Named Pipe.
[[0;32m  OK  [0m] Listening on /dev/initctl Compatibility Named Pipe.
[   19.467328] systemd[1]: Started Forward Password Requests to Wall Directory Watch.
[[0;32m  OK  [0m] Started Forward Password Requests to Wall Directory Watch.
[   19.489437] systemd[1]: Set up automount Arbitrary Executable File Formats File System Automount Point.
[[0;32m  OK  [0m] Set up automount Arbitrary Executab...ats File System Automount Point.
[   19.517977] systemd[1]: Listening on udev Kernel Socket.
[[0;32m  OK  [0m] Listening on udev Kernel Socket.
[   19.546769] systemd[1]: Mounting Huge Pages File System...
         Mounting Huge Pages File System...
[   19.563445] systemd[1]: Listening on fsck to fsckd communication Socket.
[[0;32m  OK  [0m] Listening on fsck to fsckd communication Socket.
[   19.580931] systemd[1]: Started Trigger resolvconf update for networkd DNS.
[[0;32m  OK  [0m] Started Trigger resolvconf update for networkd DNS.
[   19.619120] systemd[1]: Starting Create list of required static device nodes for the current kernel...
         Starting Create list of required st... nodes for the current kernel...
[   19.645810] systemd[1]: Starting Journal Service...
         Starting Journal Service...
[   19.661776] systemd[1]: Starting Uncomplicated firewall...
         Starting Uncomplicated firewall...
[   19.684600] systemd[1]: Created slice User and Session Slice.
[[0;32m  OK  [0m] Created slice User and Session Slice.
[   19.726891] systemd[1]: Starting Load Kernel Modules...
         Starting Load Kernel Modules...
[   19.748573] systemd[1]: Starting File System Check on Root Device...
[   19.767285] random: nonblocking pool is initialized
         Starting File System Check on Root Device...
[   19.785730] systemd[1]: Listening on Device-mapper event daemon FIFOs.
[[0;32m  OK  [0m] Listening on Device-mapper event daemon FIFOs.
[   19.811139] Loading iSCSI transport class v2.0-870.
[   19.831013] systemd[1]: Starting Set console keymap...
         Starting Set console keymap...
[   19.848708] systemd[1]: Listening on LVM2 metadata daemon socket.
[[0;32m  OK  [0m] Listening on LVM2 metadata daemon socket.
[   19.872340] systemd[1]: Starting Monitoring of LVM2 mirrors, snapshots etc. using dmeventd or progress polling...
         Startin[   19.896139] iscsi: registered transport (tcp)
g Monitoring of LVM2 mirrors... dmeventd or progress polling...
[   19.904740] systemd[1]: Reached target Slices.
[[0;32m  OK  [0m] Reached target Slices.
[   19.949992] systemd[1]: Mounted Huge Pages File System.
[[0;32m  OK  [0m] Mounted Huge Pages File System.
[   19.971916] systemd[1]: Mounted POSIX Message Queue File System.
[[0;32m  OK  [0m] Mounted POSIX Message Queue File System.
[   19.989939] systemd[1]: Mounted Debug File System.
[[0;32m  OK  [0m] Mounted Debug File System.
[   20.004717] systemd[1]: Started Journal Service.
[[0;32m  OK  [0m] Started Journal Service.
[[0;32m  OK  [0m] Started Create list of required sta...ce nodes for the current kernel.
[[0;32m  OK  [0m] Started Uncomplicated firewall.
[[0;32m  OK  [0m] Started File System Check on Root Device.
[[0;32m  OK  [0m] Started Nameserver information manager.
[[0;32m  OK  [0m] Started Set console keymap.
[[0;32m  OK  [0m] Started LVM2 metadata daemon.
[[0;32m  OK  [0m] Started File System Check Daemon to report status.
         Starting Remount Root and Kernel File Systems...
[   20.181131] EXT4-fs (sda1): re-mounted. Opts: (null)
         Starting Create Static Device Nodes in /dev...[   20.207297] iscsi: registered transport (iser)

[[0;32m  OK  [0m] Started Remount Root and Kernel File Systems.
[[0;32m  OK  [0m] Started Load Kernel Modules.
[[0;32m  OK  [0m] Started Create Static Device Nodes in /dev.
         Starting udev Kernel Device Manager...
         Starting Apply Kernel Variables...
         Mounting FUSE Control File System...
         Starting udev Coldplug all Devices...
         Starting Load/Save Random Seed...
         Starting Flush Journal to Persistent Storage...
[[0;32m  OK  [0m] Mounted FUSE Control File System.
[[0;32m  OK  [0m] Started udev Kernel Device Manager.
[[0;32m  OK  [0m] Started Apply Kernel Variables.
[[0;32m  OK  [0m] Started Load/Save Random Seed.
[[0;32m  OK  [0m] Started Monitoring of LVM2 mirrors,...ng dmeventd or progress polling.
[[0;32m  OK  [0m] Reached target Local File Systems (Pre).
[[0;32m  OK  [0m] Reached target Local File Systems.
         Starting Commit a transient machine-id on disk...
         Starting Set console font and keymap...
         Starting Initial cloud-init job (pre-networking)...
         Starting LSB: AppArmor initialization...
         Starting Tell Plymouth To Write Out Runtime Data...
[[0;32m  OK  [0m] Started udev Coldplug all Devices.
[[0;32m  OK  [0m] Started Commit a transient machine-id on disk.
[[0;32m  OK  [0m] Started Tell Plymouth To Write Out Runtime Data.
[[0;32m  OK  [0m] Started Dispatch Password Requests to Console Directory Watch.
[[0;32m  OK  [0m] Started Flush Journal to Persistent Storage.
         Starting Create Volatile Files and Directories...
[[0;32m  OK  [0m] Started Create Volatile Files and Directories.
[[0;32m  OK  [0m] Found device /dev/ttyS0.
[[0;32m  OK  [0m] Listening on Load/Save RF Kill Switch Status /dev/rfkill Watch.
         Starting Update UTMP about System Boot/Shutdown...
[[0;32m  OK  [0m] Started Update UTMP about System Boot/Shutdown.
[   23.271723] cloud-init[477]: Cloud-init v. 21.1-19-gbad84ad4-0ubuntu1~16.04.2 running 'init-local' at Tue, 24 May 2022 07:48:35 +0000. Up 21.98 seconds.
[[0;32m  OK  [0m] Started Initial cloud-init job (pre-networking).
[[0;32m  OK  [0m] Started LSB: AppArmor initialization.
         Starting Load AppArmor profiles managed internally by snapd...
[[0;32m  OK  [0m] Reached target Network (Pre).
         Starting Raise network interfaces...
[[0;32m  OK  [0m] Started Set console font and keymap.
[[0;32m  OK  [0m] Started Load AppArmor profiles managed internally by snapd.
[[0;32m  OK  [0m] Created slice system-getty.slice.
[[0;32m  OK  [0m] Started Raise network interfaces.
         Starting Initial cloud-init job (metadata service crawler)...
[[0;32m  OK  [0m] Reached target Network.
[   27.633583] cloud-init[940]: Cloud-init v. 21.1-19-gbad84ad4-0ubuntu1~16.04.2 running 'init' at Tue, 24 May 2022 07:48:39 +0000. Up 26.18 seconds.
[   27.644305] cloud-init[940]: ci-info: ++++++++++++++++++++++++++++++++++++++Net device info+++++++++++++++++++++++++++++++++++++++
[   27.656000] cloud-init[940]: ci-info: +--------+-------+----------------------------+---------------+--------+-------------------+
[   27.667188] cloud-init[940]: ci-info: | Device |   Up  |          Address           |      Mask     | Scope  |     Hw-Address    |
[   27.678929] cloud-init[940]: ci-info: +--------+-------+----------------------------+---------------+--------+-------------------+
[   27.688854] cloud-init[940]: ci-info: | enp0s3 |  True |         10.0.2.15          | 255.255.255.0 | global | 02:be:82:6b:cc:1d |
[   27.699476] cloud-init[940]: ci-info: | enp0s3 |  True | fe80::be:82ff:fe6b:cc1d/64 |       .       |  link  | 02:be:82:6b:cc:1d |
[   27.710603] cloud-init[940]: ci-info: | enp0s8 | False |             .              |       .       |   .    | 08:00:27:9c:80:07 |
[   27.722465] cloud-init[940]: ci-info: |   lo   |  True |         127.0.0.1          |   255.0.0.0   |  host  |         .         |
[   27.739643] cloud-init[940]: ci-info: |   lo   |  True |          ::1/128           |       .       |  host  |         .         |
[   27.753452] cloud-init[940]: ci-info: +--------+-------+----------------------------+---------------+--------+-------------------+
[   27.764708] cloud-init[940]: ci-info: +++++++++++++++++++++++++++Route IPv4 info++++++++++++++++++++++++++++
[   27.775185] cloud-init[940]: ci-info: +-------+-------------+----------+---------------+-----------+-------+
[   27.786003] cloud-init[940]: ci-info: | Route | Destination | Gateway  |    Genmask    | Interface | Flags |
[   27.796707] cloud-init[940]: ci-info: +-------+-------------+----------+---------------+-----------+-------+
[   27.807761] cloud-init[940]: ci-info: |   0   |   0.0.0.0   | 10.0.2.2 |    0.0.0.0    |   enp0s3  |   UG  |
[   27.818262] cloud-init[940]: ci-info: |   1   |   10.0.2.0  | 0.0.0.0  | 255.255.255.0 |   enp0s3  |   U   |
[   27.828523] cloud-init[940]: ci-info: +-------+-------------+----------+---------------+-----------+-------+
[   27.839799] cloud-init[940]: ci-info: +++++++++++++++++++Route IPv6 info+++++++++++++++++++
[   27.850983] cloud-init[940]: ci-info: +-------+-------------+---------+-----------+-------+
[   27.858891] cloud-init[940]: ci-info: | Route | Destination | Gateway | Interface | Flags |
[   27.868275] cloud-init[940]: ci-info: +-------+-------------+---------+-----------+-------+
[   27.876004] cloud-init[940]: ci-info: |   0   |  fe80::/64  |    ::   |   enp0s3  |   U   |
[   27.893391] cloud-init[940]: ci-info: |   3   |   ff00::/8  |    ::   |   enp0s3  |   U   |
[   27.910013] cloud-init[940]: ci-info: +-------+-------------+---------+-----------+-------+
[   27.919641] cloud-init[940]: Generating public/private rsa key pair.
[   27.925943] cloud-init[940]: Your identification has been saved in /etc/ssh/ssh_host_rsa_key.
[[   27.935258] cloud-init[940]: Your public key has been saved in /etc/ssh/ssh_host_rsa_key.pub.
[   27.938819] cloud-init[940]: The key fingerprint is:
[   27.941859] cloud-init[940]: SHA256:b+TOyVZMQKijumRnXptWzwa4P8TsJ5j12Qzey86p4mM root@ubuntu-xenial
[   27.942543] cloud-init[940]: The key's randomart image is:
[   27.943317] cloud-init[940]: +---[RSA 2048]----+
[   27.947835] cloud-init[940]: |         o.      |
[   27.948077] cloud-init[940]: |        . .      |
[   27.949298] cloud-init[940]: |       .   .     |
[   27.950211] cloud-init[940]: |      o     .    |
[   27.951052] cloud-init[940]: |     . =S .o     |
[   27.951992] cloud-init[940]: |    . . B+. o    |
[   27.953760] cloud-init[940]: |  o.o .O *+B     |
[   27.954611] cloud-init[940]: | o.+ .=oE=X++.   |
[   27.955672] cloud-init[940]: |  ....o+oO*o*.   |
[   27.957633] cloud-init[940]: +----[SHA256]-----+
[   27.958316] cloud-init[940]: Generating public/private dsa key pair.
[   27.959055] cloud-init[940]: Your identification has been saved in /etc/ssh/ssh_host_dsa_key.
[   27.959799] cloud-init[940]: Your public key has been saved in /etc/ssh/ssh_host_dsa_key.pub.
[   27.963627] cloud-init[940]: The key fingerprint is:
[   27.964753] cloud-init[940]: SHA256:f0xnIjuTQua22QAURsFu40AwO6A24vwab2LE7NQQd+4 root@ubuntu-xenial
[   27.965653] cloud-init[940]: The key's randomart image is:
[   27.966410] cloud-init[940]: +---[DSA 1024]----+
[   27.967185] cloud-init[940]: |. o. o=.         |
[   27.967803] cloud-init[940]: |.o +.o..         |
[   27.969375] cloud-init[940]: |oo=.o..          |
[   27.969956] cloud-init[940]: |=....o+          |
[   27.970546] cloud-init[940]: |ooo .+..S . o o  |
[   27.971175] cloud-init[940]: | =.. E.= . * +   |
[   27.971796] cloud-init[940]: |+. .    = * o    |
[   27.973152] cloud-init[940]: | ++.   . * +     |
[   27.973770] cloud-init[940]: |..o.    o .      |
[   27.974422] cloud-init[940]: +----[SHA256]-----+
[   27.975068] cloud-init[940]: Generating public/private ecdsa key pair.
[   27.975692] cloud-init[940]: Your identification has been saved in /etc/ssh/ssh_host_ecdsa_key.
[   27.977194] cloud-init[940]: Your public key has been saved in /etc/ssh/ssh_host_ecdsa_key.pub.
[   27.978044] cloud-init[940]: The key fingerprint is:
[   27.978914] cloud-init[940]: SHA256:Yo3VVNNOiL65SIRgUeFvbtM1yzf+Y9R3CznZpmbigDw root@ubuntu-xenial
[   27.979736] cloud-init[940]: The key's randomart image is:
[   27.981531] cloud-init[940]: +---[ECDSA 256]---+
[   27.982036] cloud-init[940]: |    .oo.  .ooo   |
[   27.982674] cloud-init[940]: |    o.   o. ..o  |
[   27.983302] cloud-init[940]: |   . ......  o   |
[   27.983955] cloud-init[940]: |      .=. .   .  |
[   27.985350] cloud-init[940]: |      +.S  oo + .|
[   27.985936] cloud-init[940]: |     ..+o.oo B ++|
[   27.986585] cloud-init[940]: |       E+o..o O +|
[   27.987203] cloud-init[940]: |       .o.o. * = |
[   27.987838] cloud-init[940]: |          ..+ o.o|
[   27.989168] cloud-init[940]: +----[SHA256]-----+
[   27.989827] cloud-init[940]: Generating public/private ed25519 key pair.
[   27.990607] cloud-init[940]: Your identification has been saved in /etc/ssh/ssh_host_ed25519_key.
[   27.991380] cloud-init[940]: Your public key has been saved in /etc/ssh/ssh_host_ed25519_key.pub.
[   27.992288] cloud-init[940]: The key fingerprint is:
[   27.992726] cloud-init[940]: SHA256:wOFOn49V8l4WSxB4Q8RLylifsWAnYRwEltKfm7+R0Es root@ubuntu-xenial
[   27.993737] cloud-init[940]: The key's randomart image is:
[   27.994430] cloud-init[940]: +--[ED25519 256]--+
[   27.995448] cloud-init[940]: |      ..o==B=.   |
[   27.996914] cloud-init[940]: |     o.oo.B B.   |
[   27.997193] cloud-init[940]: |      =. *.X.*o  |
[   27.997824] cloud-init[940]: |     o o..===. o |
[   27.998446] cloud-init[940]: |      . S ooE +  |
[   27.999095] cloud-init[940]: |         +o+ =   |
[   27.999770] cloud-init[940]: |        . ..=    |
[   28.001152] cloud-init[940]: |            ..   |
[   28.001789] cloud-init[940]: |            ..   |
[   28.002598] cloud-init[940]: +----[SHA256]-----+
[0;32m  OK  [0m] Started Initial cloud-init job (metadata service crawler).
[[0;32m  OK  [0m] Reached target System Initialization.
[[0;32m  OK  [0m] Started Daily Cleanup of Temporary Directories.
[[0;32m  OK  [0m] Listening on D-Bus System Message Bus Socket.
         Starting Socket activation for snappy daemon.
[[0;32m  OK  [0m] Listening on UUID daemon activation socket.
[[0;32m  OK  [0m] Started Daily apt download activities.
[[0;32m  OK  [0m] Started Daily apt upgrade and clean activities.
[[0;32m  OK  [0m] Started ACPI Events Check.
[[0;32m  OK  [0m] Reached target Paths.
         Starting LXD - unix socket.
[[0;32m  OK  [0m] Started Message of the Day.
[[0;32m  OK  [0m] Started Ubuntu Advantage update messaging.
[[0;32m  OK  [0m] Reached target Timers.
[[0;32m  OK  [0m] Listening on ACPID Listen Socket.
[[0;32m  OK  [0m] Reached target Network is Online.
         Starting iSCSI initiator daemon (iscsid)...
[[0;32m  OK  [0m] Reached target Cloud-config availability.
[[0;32m  OK  [0m] Listening on Socket activation for snappy daemon.
[[0;32m  OK  [0m] Listening on LXD - unix socket.
[[0;32m  OK  [0m] Reached target Sockets.
[[0;32m  OK  [0m] Reached target Basic System.
[[0;32m  OK  [0m] Started D-Bus System Message Bus.
         Starting System Logging Service...
         Starting /etc/rc.local Compatibility...
[[0;32m  OK  [0m] Started ACPI event daemon.
         Starting LSB: MD monitoring daemon...
[[0;32m  OK  [0m] Started Deferred execution scheduler.
         Starting LSB: Record successful boot for GRUB...
         Starting Accounts Service...
         Starting Virtualbox guest utils...
[[0;32m  OK  [0m] Started FUSE filesystem for LXC.
         Starting Pollinate to seed the pseudo random number generator...
         Starting LXD - container startup/shutdown...
[[0;32m  OK  [0m] Started Regular background program processing daemon.
         Starting Login Service...
         Starting Snap Daemon...
[[0;32m  OK  [0m] Started System Logging Service.
[[0;32m  OK  [0m] Started /etc/rc.local Compatibility.
[[0;32m  OK  [0m] Started iSCSI initiator daemon (iscsid).
         Starting Login to default iSCSI targets...
[[0;32m  OK  [0m] Started Login Service.
[[0;32m  OK  [0m] Started Unattended Upgrades Shutdown.
[[0;32m  OK  [0m] Started LSB: MD monitoring daemon.
[[0;32m  OK  [0m] Started LSB: Record successful boot for GRUB.
[[0;32m  OK  [0m] Started Login to default iSCSI targets.
         Starting Authenticate and Authorize Users to Run Privileged Tasks...
[[0;32m  OK  [0m] Reached target Remote File Systems (Pre).
[[0;32m  OK  [0m] Reached target Remote File Systems.
         Starting LSB: Set the CPU Frequency Scaling governor to "ondemand"...
         Starting LSB: daemon to balance interrupts for SMP systems...
         Starting Permit User Sessions...
         Starting LSB: automatic crash report generation...
[[0;32m  OK  [0m] Started Permit User Sessions.
[[0;32m  OK  [0m] Started LXD - container startup/shutdown.
         Starting Terminate Plymouth Boot Screen...
         Starting Hold until boot process finishes up...
[[0;32m  OK  [0m] Started Terminate Plymouth Boot Screen.
[[0;32m  OK  [0m] Started Hold until boot process finishes up.
[[0;32m  OK  [0m] Started Authenticate and Authorize Users to Run Privileged Tasks.
[[0;32m  OK  [0m] Started Serial Getty on ttyS0.
[[0;32m  OK  [0m] Started Getty on tty1.
[[0;32m  OK  [0m] Reached target Login Prompts.
         Starting Set console scheme...
[[0;32m  OK  [0m] Started LSB: Set the CPU Frequency Scaling governor to "ondemand".
[[0;32m  OK  [0m] Started Set console scheme.
[[0;32m  OK  [0m] Started Accounts Service.
[[0;32m  OK  [0m] Started LSB: daemon to balance interrupts for SMP systems.
[[0;32m  OK  [0m] Started LSB: automatic crash report generation.
[[0;32m  OK  [0m] Started Virtualbox guest utils.
[[0;32m  OK  [0m] Started Pollinate to seed the pseudo random number generator.
         Starting OpenBSD Secure Shell server...
[[0;32m  OK  [0m] Started OpenBSD Secure Shell server.
[[0;32m  OK  [0m] Started Snap Daemon.
         Starting Wait until snapd is fully seeded...
[[0;32m  OK  [0m] Created slice User Slice of vagrant.
         Starting User Manager for UID 1000...
[[0;32m  OK  [0m] Started Session 1 of user vagrant.
[[0;32m  OK  [0m] Started User Manager for UID 1000.
[[0;32m  OK  [0m] Started Wait until snapd is fully seeded.
         Starting Apply the settings specified in cloud-config...
[[0;32m  OK  [0m] Reached target Multi-User System.
[[0;32m  OK  [0m] Reached target Graphical Interface.
         Starting Update UTMP about System Runlevel Changes...
[[0;32m  OK  [0m] Started Update UTMP about System Runlevel Changes.
[   34.688115] cloud-init[1356]: Generating locales (this might take a while)...

Ubuntu 16.04.7 LTS ubuntu-xenial ttyS0

ubuntu-xenial login: [   38.001131] cloud-init[1356]:   en_US.UTF-8... done
[   38.008624] cloud-init[1356]: Generation complete.
[   38.745853] cloud-init[1356]: Cloud-init v. 21.1-19-gbad84ad4-0ubuntu1~16.04.2 running 'modules:config' at Tue, 24 May 2022 07:48:47 +0000. Up 34.18 seconds.
ci-info: no authorized SSH keys fingerprints found for user ubuntu.
<14>May 24 07:48:53 ec2: 
<14>May 24 07:48:53 ec2: #############################################################
<14>May 24 07:48:53 ec2: -----BEGIN SSH HOST KEY FINGERPRINTS-----
<14>May 24 07:48:53 ec2: 1024 SHA256:f0xnIjuTQua22QAURsFu40AwO6A24vwab2LE7NQQd+4 root@ubuntu-xenial (DSA)
<14>May 24 07:48:53 ec2: 256 SHA256:Yo3VVNNOiL65SIRgUeFvbtM1yzf+Y9R3CznZpmbigDw root@ubuntu-xenial (ECDSA)
<14>May 24 07:48:53 ec2: 256 SHA256:wOFOn49V8l4WSxB4Q8RLylifsWAnYRwEltKfm7+R0Es root@ubuntu-xenial (ED25519)
<14>May 24 07:48:53 ec2: 2048 SHA256:b+TOyVZMQKijumRnXptWzwa4P8TsJ5j12Qzey86p4mM root@ubuntu-xenial (RSA)
<14>May 24 07:48:53 ec2: -----END SSH HOST KEY FINGERPRINTS-----
<14>May 24 07:48:53 ec2: #############################################################
-----BEGIN SSH HOST KEY KEYS-----
ecdsa-sha2-nistp256 AAAAE2VjZHNhLXNoYTItbmlzdHAyNTYAAAAIbmlzdHAyNTYAAABBBBc7CKZcYzjHQvJGq/DfxjX5baqEC0mbLUeK071bgnOchBF2E4T37wGKD3eyNHeu3TYpVFFeHszOYNObsJHkpVk= root@ubuntu-xenial
ssh-ed25519 AAAAC3NzaC1lZDI1NTE5AAAAINYzi4CMJDzMwDVnFlOUqVhzkGxvWqY+3uOuIjeM+czW root@ubuntu-xenial
ssh-rsa AAAAB3NzaC1yc2EAAAADAQABAAABAQC+6Hg8nEK2Ou+uVVqpgUTr7bImL4Tc7pC8c4DdenULTtdmUhcjR2Ld23qRCQx0UUX6qFj/JUahSJ5o/saqg2d5ZzB0SHJIXATtF0oDIezxouEF7Zq2yAUfL9b4JBPBqC1sqhxFRb4LwYPDyU93PqdFikbM5Cx3UyDW5YuA0+skFeoi5PSm00dcN50hBizBCEjUE4GTjiYnss9fGbcKAI+ts+Lsj+TaFo4mlUPDeAKLE6r4QaZXym74VwqER6a5tcjNPtZEhL6iE9/1PwqZqxWl0UDCWVRfXXTxOVb0An4R1vyyIWL1Z8uN1pKZFJlh8GqhcxTniIQWEnrrQ8xUUTdV root@ubuntu-xenial
-----END SSH HOST KEY KEYS-----
[   40.120935] cloud-init[1550]: Cloud-init v. 21.1-19-gbad84ad4-0ubuntu1~16.04.2 running 'modules:final' at Tue, 24 May 2022 07:48:52 +0000. Up 39.69 seconds.
[   40.143098] cloud-init[1550]: ci-info: no authorized SSH keys fingerprints found for user ubuntu.
[   40.143244] cloud-init[1550]: Cloud-init v. 21.1-19-gbad84ad4-0ubuntu1~16.04.2 finished at Tue, 24 May 2022 07:48:53 +0000. Datasource DataSourceNoCloud [seed=/dev/sdb][dsmode=net].  Up 40.02 seconds
[[0;32m  OK  [0m] Stopped Unattended Upgrades Shutdown.
         Stopping Session 13 of user vagrant.
         Stopping Session 9 of user vagrant.
[[0;32m  OK  [0m] Stopped target Graphical Interface.
         Stopping Daemon for generating UUIDs...
         Stopping ACPI event daemon...
[[0;32m  OK  [0m] Stopped target Timers.
[[0;32m  OK  [0m] Stopped Message of the Day.
         Stopping Authenticate and Authorize Users to Run Privileged Tasks...
[[0;32m  OK  [0m] Stopped Daily Cleanup of Temporary Directories.
         Stopping Accounts Service...
[[0;32m  OK  [0m] Stopped target Cloud-init target.
[[0;32m  OK  [0m] Stopped Daily apt upgrade and clean activities.
[[0;32m  OK  [0m] Stopped Daily apt download activities.
[[0;32m  OK  [0m] Stopped Ubuntu Advantage update messaging.
[[0;32m  OK  [0m] Stopped target System Time Synchronized.
         Stopping User Manager f[[0;32m  OK  [0m] Closed Load/Save RF Kill Switch Status /dev/rfkill Watch.
         Stopping Session 6 of user vagrant.
         Stopping ACPI event daemon...
[[0;32m  OK  [0m] Stopped target Graphical Interface.
         Stopping Accounts Service...
[[0;32m  OK  [0m] Stopped target Cloud-init target.
[[0;32m  OK  [0m] Stopped target Timers.
[[0;32m  OK  [0m] Stopped Message of the Day.
[[0;32m  OK  [0m] Stopped Daily Cleanup of Temporary Directories.
[[0;32m  OK  [0m] Stopped Daily apt upgrade and clean activities.
[[0;32m  OK  [0m] Stopped Daily apt download activities.
[[0;32m  OK  [0m] Stopped Ubuntu Advantage update messaging.
[[0;32m  OK  [0m] Stopped target System Time Synchronized.
[[0;32m  OK  [0m] Stopped Execute cloud user/final scripts.
[[0;32m  OK  [0m] Stopped target Multi-User System.
         Stopping FUSE filesystem for LXC...
         Stopping LSB: daemon to balance interrupts for SMP systems...
         Stopping LSB: automatic crash report generation...
         Stopping OpenBSD Secure Shell server...
         Stopping Jenkins Continuous Integration Server...
         Stopping Virtualbox guest utils...
         Stopping LSB: Set the CPU Frequency Scaling governor to "ondemand"...
         Stopping D-Bus System Message Bus...
         Stopping Deferred execution scheduler...
         Stopping LSB: MD monitoring daemon...
         Stopping LXD - container startup/shutdown...
         Stopping System Logging Service...
         Stopping LSB: Record successful boot for GRUB...
[[0;32m  OK  [0m] Stopped Apply the settings specified in cloud-config.
[[0;32m  OK  [0m] Stopped target Cloud-config availability.
[[0;32m  OK  [0m] Stopped Wait until snapd is fully seeded.
         Stopping Authenticate and Authorize Users to Run Privileged Tasks...
         Stopping Regular background program processing daemon...
[[0;32m  OK  [0m] Stopped targ[[0;32m  OK  [0m] Unmounted /var/lib/lxcfs.
[[0;32m  OK  [0m] Stopped Accounts Service.
[[0;32m  OK  [0m] Stopped System Logging Service.
[[0;32m  OK  [0m] Stopped ACPI event daemon.
[[0;32m  OK  [0m] Stopped Regular background program processing daemon.
[[0;32m  OK  [0m] Stopped Deferred execution scheduler.
[[0;32m  OK  [0m] Stopped Authenticate and Authorize Users to Run Privileged Tasks.
[[0;32m  OK  [0m] Stopped Serial Getty on ttyS0.
[[0;32m  OK  [0m] Stopped Getty on tty1.
[[0;32m  OK  [0m] Stopped OpenBSD Secure Shell server.
[[0;32m  OK  [0m] Stopped User Manager for UID 1000.
[[0;32m  OK  [0m] Stopped Session 6 of user vagrant.
[[0;32m  OK  [0m] Stopped D-Bus System Message Bus.
[[0;32m  OK  [0m] Stopped FUSE filesystem for LXC.
[[0;32m  OK  [0m] Stopped LXD - container startup/shutdown.
[[0;32m  OK  [0m] Stopped LSB: daemon to balance interrupts for SMP systems.
[[0;32m  OK  [0m] Stopped LSB: Record successful boot for GRUB.
[[0;32m  OK  [0m] Stopped LSB: Set the CPU Frequency Scaling governor to "ondemand".
[[0;32m  OK  [0m] Stopped LSB: MD monitoring daemon.
[[0;32m  OK  [0m] Stopped LSB: automatic crash report generation.
[[0;32m  OK  [0m] Stopped Jenkins Continuous Integration Server.
[[0;32m  OK  [0m] Removed slice User Slice of vagrant.
         Stopping Login Service...
[[0;32m  OK  [0m] Removed slice system-getty.slice.
         Stopping Permit User Sessions...
[[0;32m  OK  [0m] Removed slice system-serial\x2dgetty.slice.
[[0;32m  OK  [0m] Stopped /etc/rc.local Compatibility.
[[0;32m  OK  [0m] Stopped Virtualbox guest utils.
[[0;32m  OK  [0m] Stopped Permit User Sessions.
[[0;32m  OK  [0m] Stopped Login Service.
[[0;32m  OK  [0m] Stopped target User and Group Name Lookups.
[[0;32m  OK  [0m] Stopped target Remote File Systems.
         Unmounting /vagrant...
[[0;32m  OK  [0m] Stopped target Basic System.
[[0;32m  OK  [0m] Stopped target Slices.
[[0;32m  OK  [0m] Removed slice User and Session Slice.
[[0;32m  OK  [0m] Stopped target Paths.
[[0;32m  OK  [0m] Stopped Forward Password Requests to Wall Directory Watch.
[[0;32m  OK  [0m] Stopped Dispatch Password Requests to Console Directory Watch.
[[0;32m  OK  [0m] Stopped ACPI Events Check.
[[0;32m  OK  [0m] Stopped target Sockets.
[[0;32m  OK  [0m] Closed UUID daemon activation socket.
[[0;32m  OK  [0m] Closed Socket activation for snappy daemon.
[[0;32m  OK  [0m] Closed ACPID Listen Socket.
[[0;32m  OK  [0m] Closed D-Bus System Message Bus Socket.
[[0;32m  OK  [0m] Closed LXD - unix socket.
[[0;32m  OK  [0m] Closed Syslog Socket.
[[0;32m  OK  [0m] Stopped target System Initialization.
[[0;32m  OK  [0m] Stopped target Encrypted Volumes.
         Stopping Load/Save Random Seed...
[[0;32m  OK  [0m] Stopped Commit a transient machine-id on disk.
[[0;32m  OK  [0m] Stopped Create Volatile Files and Directories.
[[0;32m  OK  [0m] Stopped target Swap.
[[0;32m  OK  [0m] Unmounted /vagrant.
[[0;32m  OK  [0m] Stopped Load/Save Random Seed.
[[0;32m  OK  [0m] Stopped target Remote File Systems (Pre).
         Stopping Login to default iSCSI targets...
[[0;32m  OK  [0m] Stopped Login to default iSCSI targets.
         Stopping iSCSI initiator daemon (iscsid)...
[[0;32m  OK  [0m] Stopped iSCSI initiator daemon (iscsid).
[[0;32m  OK  [0m] Stopped target Network is Online.
[[0;32m  OK  [0m] Stopped target Network.
[[0;32m  OK  [0m] Stopped Initial cloud-init job (metadata service crawler).
         Stopping Raise network interfaces...
[[0;32m  OK  [0m] Stopped Raise network interfaces.
[[0;32m  OK  [0m] Stopped target Network (Pre).
[[0;32m  OK  [0m] Stopped Initial cloud-init job (pre-networking).
[[0;32m  OK  [0m] Stopped Apply Kernel Variables.
[[0;32m  OK  [0m] Stopped Load Kernel Modules.
[[0;32m  OK  [0m] Stopped target Local File Systems.
         Unmounting /run/user/1000...
[[0;32m  OK  [0m] Unmounted /run/user/1000.
[[0;32m  OK  [0m] Reached target Unmount All Filesystems.
[[0;32m  OK  [0m] Stopped target Local File Systems (Pre).
[[0;32m  OK  [0m] Stopped Create Static Device Nodes in /dev.
[[0;32m  OK  [0m] Stopped Remount Root and Kernel File Systems.
[[0;32m  OK  [0m] Reached target Shutdown.
[ 9287.054099] reboot: Power down
ot and Kernel File Systems.
[[0;32m  OK  [0m] Stopped Create Static Device Nodes in /dev.
[[0;32m  OK  [0m] Reached target Shutdown.
[ 8985.661877] reboot: Power down
